#
# There is insufficient memory for the Java Runtime Environment to continue.
# Native memory allocation (malloc) failed to allocate 1674176 bytes for Chunk::new
# Possible reasons:
#   The system is out of physical RAM or swap space
#   In 32 bit mode, the process size limit was hit
# Possible solutions:
#   Reduce memory load on the system
#   Increase physical memory or swap space
#   Check if swap backing store is full
#   Use 64 bit Java on a 64 bit OS
#   Decrease Java heap size (-Xmx/-Xms)
#   Decrease number of Java threads
#   Decrease Java thread stack sizes (-Xss)
#   Set larger code cache with -XX:ReservedCodeCacheSize=
# This output file may be truncated or incomplete.
#
#  Out of Memory Error (allocation.cpp:390), pid=6448, tid=9840
#
# JRE version: Java(TM) SE Runtime Environment (8.0_91-b15) (build 1.8.0_91-b15)
# Java VM: Java HotSpot(TM) 64-Bit Server VM (25.91-b15 mixed mode windows-amd64 compressed oops)
# Failed to write core dump. Minidumps are not enabled by default on client versions of Windows
#

---------------  T H R E A D  ---------------

Current thread (0x0000000016819800):  JavaThread "C2 CompilerThread1" daemon [_thread_in_native, id=9840, stack(0x0000000018080000,0x0000000018180000)]

Stack: [0x0000000018080000,0x0000000018180000]
[error occurred during error reporting (printing stack bounds), id 0xc0000005]

Native frames: (J=compiled Java code, j=interpreted, Vv=VM code, C=native code)


Current CompileTask:
C2:   3915 1296   !   4       com.android.dx.cf.code.BytecodeArray::parseInstruction (2764 bytes)


---------------  P R O C E S S  ---------------

Java Threads: ( => current thread )
  0x00000000185fc800 JavaThread "pool-2-thread-4" [_thread_blocked, id=9044, stack(0x0000000019530000,0x0000000019630000)]
  0x00000000185fb800 JavaThread "pool-2-thread-3" [_thread_blocked, id=9972, stack(0x00000000193b0000,0x00000000194b0000)]
  0x00000000185f6000 JavaThread "pool-2-thread-2" [_thread_blocked, id=10992, stack(0x0000000019140000,0x0000000019240000)]
  0x00000000185f0800 JavaThread "pool-3-thread-1" [_thread_blocked, id=10108, stack(0x0000000018e20000,0x0000000018f20000)]
  0x0000000016ade000 JavaThread "pool-2-thread-1" [_thread_blocked, id=11188, stack(0x0000000018f70000,0x0000000019070000)]
  0x00000000168d3800 JavaThread "Service Thread" daemon [_thread_blocked, id=8432, stack(0x00000000184f0000,0x00000000185f0000)]
  0x0000000016857000 JavaThread "C1 CompilerThread3" daemon [_thread_in_native, id=8596, stack(0x0000000017f10000,0x0000000018010000)]
  0x0000000016835800 JavaThread "C2 CompilerThread2" daemon [_thread_in_native, id=10560, stack(0x0000000018230000,0x0000000018330000)]
=>0x0000000016819800 JavaThread "C2 CompilerThread1" daemon [_thread_in_native, id=9840, stack(0x0000000018080000,0x0000000018180000)]
  0x0000000016800000 JavaThread "C2 CompilerThread0" daemon [_thread_in_native, id=4544, stack(0x0000000017ca0000,0x0000000017da0000)]
  0x00000000167ff000 JavaThread "Attach Listener" daemon [_thread_blocked, id=10656, stack(0x0000000017da0000,0x0000000017ea0000)]
  0x00000000167e7800 JavaThread "Signal Dispatcher" daemon [_thread_blocked, id=10944, stack(0x0000000017b00000,0x0000000017c00000)]
  0x000000001584a800 JavaThread "Finalizer" daemon [_thread_blocked, id=4072, stack(0x0000000017a00000,0x0000000017b00000)]
  0x0000000015848800 JavaThread "Reference Handler" daemon [_thread_blocked, id=4224, stack(0x0000000017820000,0x0000000017920000)]
  0x0000000002458000 JavaThread "main" [_thread_in_Java, id=10664, stack(0x0000000002670000,0x0000000002770000)]

Other Threads:
  0x00000000167a2800 VMThread [stack: 0x0000000017700000,0x0000000017800000] [id=8244]
  0x0000000016895000 WatcherThread [stack: 0x00000000183e0000,0x00000000184e0000] [id=10084]

VM state:not at safepoint (normal execution)

VM Mutex/Monitor currently owned by a thread:  ([mutex/lock_event])
[0x00000000025c91f0] CodeCache_lock - owner thread: 0x0000000016857000

Heap:
 PSYoungGen      total 38400K, used 25868K [0x00000000eab00000, 0x00000000ef600000, 0x0000000100000000)
  eden space 33280K, 62% used [0x00000000eab00000,0x00000000ebf4aa38,0x00000000ecb80000)
  from space 5120K, 99% used [0x00000000ecb80000,0x00000000ed078890,0x00000000ed080000)
  to   space 5120K, 0% used [0x00000000ef100000,0x00000000ef100000,0x00000000ef600000)
 ParOldGen       total 87552K, used 841K [0x00000000c0000000, 0x00000000c5580000, 0x00000000eab00000)
  object space 87552K, 0% used [0x00000000c0000000,0x00000000c00d2530,0x00000000c5580000)
 Metaspace       used 6105K, capacity 6966K, committed 7040K, reserved 1056768K
  class space    used 605K, capacity 622K, committed 640K, reserved 1048576K

Card table byte_map: [0x0000000011bd0000,0x0000000011de0000] byte_map_base: 0x00000000115d0000

Marking Bits: (ParMarkBitMap*) 0x0000000070a22f70
 Begin Bits: [0x0000000012c60000, 0x0000000013c60000)
 End Bits:   [0x0000000013c60000, 0x0000000014c60000)

Polling page: 0x0000000001b70000

CodeCache: size=245760Kb used=5403Kb max_used=5403Kb free=240357Kb
 bounds [0x0000000002810000, 0x0000000002d60000, 0x0000000011810000]
 total_blobs=1604 nmethods=1330 adapters=184
 compilation: enabled

Compilation events (10 events):
Event: 3.884 Thread 0x0000000016857000 nmethod 1339 0x0000000002d49d50 code [0x0000000002d49f00, 0x0000000002d4a6d0]
Event: 3.887 Thread 0x0000000016857000 1340       3       java.util.concurrent.ThreadPoolExecutor::isRunning (10 bytes)
Event: 3.887 Thread 0x0000000016857000 nmethod 1340 0x0000000002d4ab10 code [0x0000000002d4ac60, 0x0000000002d4adf0]
Event: 3.909 Thread 0x0000000016800000 nmethod 1301 0x0000000002d4fe10 code [0x0000000002d50120, 0x0000000002d523f0]
Event: 3.909 Thread 0x0000000016800000 1311   !   4       com.android.dx.rop.code.BasicBlock::<init> (273 bytes)
Event: 3.911 Thread 0x0000000016857000 1341       3       com.android.dx.cf.code.OneLocalsArray::merge (22 bytes)
Event: 3.912 Thread 0x0000000016857000 nmethod 1341 0x0000000002d4f2d0 code [0x0000000002d4f4a0, 0x0000000002d4fbb8]
Event: 3.912 Thread 0x0000000016857000 1348       3       com.android.dx.ssa.SsaMethod::convertRopToSsaBlocks (103 bytes)
Event: 3.913 Thread 0x0000000016857000 nmethod 1348 0x0000000002d4d510 code [0x0000000002d4d780, 0x0000000002d4e8e8]
Event: 3.913 Thread 0x0000000016857000 1344   !   3       com.android.dx.cf.code.Merger::mergeStack (192 bytes)

GC Heap History (2 events):
Event: 2.725 GC heap before
{Heap before GC invocations=1 (full 0):
 PSYoungGen      total 38400K, used 33280K [0x00000000eab00000, 0x00000000ed580000, 0x0000000100000000)
  eden space 33280K, 100% used [0x00000000eab00000,0x00000000ecb80000,0x00000000ecb80000)
  from space 5120K, 0% used [0x00000000ed080000,0x00000000ed080000,0x00000000ed580000)
  to   space 5120K, 0% used [0x00000000ecb80000,0x00000000ecb80000,0x00000000ed080000)
 ParOldGen       total 87552K, used 0K [0x00000000c0000000, 0x00000000c5580000, 0x00000000eab00000)
  object space 87552K, 0% used [0x00000000c0000000,0x00000000c0000000,0x00000000c5580000)
 Metaspace       used 5929K, capacity 6838K, committed 7040K, reserved 1056768K
  class space    used 605K, capacity 622K, committed 640K, reserved 1048576K
Event: 3.099 GC heap after
Heap after GC invocations=1 (full 0):
 PSYoungGen      total 38400K, used 5090K [0x00000000eab00000, 0x00000000ef600000, 0x0000000100000000)
  eden space 33280K, 0% used [0x00000000eab00000,0x00000000eab00000,0x00000000ecb80000)
  from space 5120K, 99% used [0x00000000ecb80000,0x00000000ed078890,0x00000000ed080000)
  to   space 5120K, 0% used [0x00000000ef100000,0x00000000ef100000,0x00000000ef600000)
 ParOldGen       total 87552K, used 841K [0x00000000c0000000, 0x00000000c5580000, 0x00000000eab00000)
  object space 87552K, 0% used [0x00000000c0000000,0x00000000c00d2530,0x00000000c5580000)
 Metaspace       used 5929K, capacity 6838K, committed 7040K, reserved 1056768K
  class space    used 605K, capacity 622K, committed 640K, reserved 1048576K
}

Deoptimization events (10 events):
Event: 1.626 Thread 0x0000000002458000 Uncommon trap: reason=unstable_if action=reinterpret pc=0x00000000029611c4 method=java.lang.String.compareTo(Ljava/lang/String;)I @ 38
Event: 2.303 Thread 0x0000000002458000 Uncommon trap: reason=unstable_if action=reinterpret pc=0x0000000002a2c914 method=java.util.HashMap.getNode(ILjava/lang/Object;)Ljava/util/HashMap$Node; @ 129
Event: 2.306 Thread 0x0000000002458000 Uncommon trap: reason=class_check action=maybe_recompile pc=0x0000000002a1ac60 method=com.android.dx.ssa.NormalSsaInsn.accept(Lcom/android/dx/ssa/SsaInsn$Visitor;)V @ 9
Event: 2.319 Thread 0x0000000002458000 Uncommon trap: reason=class_check action=maybe_recompile pc=0x0000000002a49a00 method=com.android.dx.ssa.NormalSsaInsn.accept(Lcom/android/dx/ssa/SsaInsn$Visitor;)V @ 9
Event: 2.365 Thread 0x0000000016ade000 Uncommon trap: reason=class_check action=maybe_recompile pc=0x0000000002a49a00 method=com.android.dx.ssa.NormalSsaInsn.accept(Lcom/android/dx/ssa/SsaInsn$Visitor;)V @ 9
Event: 2.365 Thread 0x0000000016ade000 Uncommon trap: reason=class_check action=maybe_recompile pc=0x0000000002a49a00 method=com.android.dx.ssa.NormalSsaInsn.accept(Lcom/android/dx/ssa/SsaInsn$Visitor;)V @ 9
Event: 2.365 Thread 0x0000000016ade000 Uncommon trap: reason=class_check action=maybe_recompile pc=0x0000000002a1ac60 method=com.android.dx.ssa.NormalSsaInsn.accept(Lcom/android/dx/ssa/SsaInsn$Visitor;)V @ 9
Event: 2.584 Thread 0x00000000185fc800 Uncommon trap: reason=unstable_if action=reinterpret pc=0x0000000002ad4c44 method=com.android.dx.rop.cst.Constant.compareTo(Lcom/android/dx/rop/cst/Constant;)I @ 12
Event: 3.158 Thread 0x0000000002458000 Uncommon trap: reason=null_check action=make_not_entrant pc=0x0000000002ad0680 method=com.android.dx.ssa.SsaRenamer.getLocalForNewReg(I)Lcom/android/dx/rop/code/LocalItem; @ 19
Event: 3.158 Thread 0x0000000002458000 Uncommon trap: reason=null_check action=make_not_entrant pc=0x0000000002ab9320 method=com.android.dx.ssa.SsaRenamer.getLocalForNewReg(I)Lcom/android/dx/rop/code/LocalItem; @ 19

Internal exceptions (4 events):
Event: 0.111 Thread 0x0000000002458000 Exception <a 'java/lang/NoSuchMethodError': Method sun.misc.Unsafe.defineClass(Ljava/lang/String;[BII)Ljava/lang/Class; name or signature does not match> (0x00000000eab07cc0) thrown at [C:\re\workspace\8-2-build-windows-amd64-cygwin\jdk8u91\7017\hotspot\srvZ:PYÜº?
Event: 0.111 Thread 0x0000000002458000 Exception <a 'java/lang/NoSuchMethodError': Method sun.misc.Unsafe.prefetchRead(Ljava/lang/Object;J)V name or signature does not match> (0x00000000eab07fa8) thrown at [C:\re\workspace\8-2-build-windows-amd64-cygwin\jdk8u91\7017\hotspot\src\share\vm\prims\jt–©[ÛB	@
Event: 3.158 Thread 0x0000000002458000 Implicit null exception at 0x0000000002aceee7 to 0x0000000002ad0639
Event: 3.158 Thread 0x0000000002458000 Implicit null exception at 0x0000000002ab7e21 to 0x0000000002ab9301

Events (10 events):
Event: 2.596 Executing VM operation: Deoptimize
Event: 2.596 Executing VM operation: Deoptimize done
Event: 2.724 Executing VM operation: ParallelGCFailedAllocation
Event: 3.099 Executing VM operation: ParallelGCFailedAllocation done
Event: 3.158 Thread 0x0000000002458000 Uncommon trap: trap_request=0xfffffff4 fr.pc=0x0000000002ad0680
Event: 3.158 Thread 0x0000000002458000 DEOPT PACKING pc=0x0000000002ad0680 sp=0x000000000276e460
Event: 3.158 Thread 0x0000000002458000 DEOPT UNPACKING pc=0x000000000285582a sp=0x000000000276e2b8 mode 2
Event: 3.158 Thread 0x0000000002458000 Uncommon trap: trap_request=0xfffffff4 fr.pc=0x0000000002ab9320
Event: 3.158 Thread 0x0000000002458000 DEOPT PACKING pc=0x0000000002ab9320 sp=0x000000000276e3f0
Event: 3.158 Thread 0x0000000002458000 DEOPT UNPACKING pc=0x000000000285582a sp=0x000000000276e2a8 mode 2


Dynamic libraries:
0x000000013f7a0000 - 0x000000013f7d7000 	C:\Program Files\Java\jdk1.8.0_91\bin\java.exe
0x0000000077170000 - 0x000000007731a000 	C:\Windows\SYSTEM32\ntdll.dll
0x0000000076f50000 - 0x000000007706f000 	C:\Windows\system32\kernel32.dll
0x000007fefcf50000 - 0x000007fefcfba000 	C:\Windows\system32\KERNELBASE.dll
0x000007fefd6c0000 - 0x000007fefd79b000 	C:\Windows\system32\ADVAPI32.dll
0x000007feff3e0000 - 0x000007feff47f000 	C:\Windows\system32\msvcrt.dll
0x000007fefe490000 - 0x000007fefe4af000 	C:\Windows\SYSTEM32\sechost.dll
0x000007fefd820000 - 0x000007fefd94d000 	C:\Windows\system32\RPCRT4.dll
0x0000000077070000 - 0x000000007716a000 	C:\Windows\system32\USER32.dll
0x000007fefdbd0000 - 0x000007fefdc37000 	C:\Windows\system32\GDI32.dll
0x000007fefe4b0000 - 0x000007fefe4be000 	C:\Windows\system32\LPK.dll
0x000007fefd970000 - 0x000007fefda3a000 	C:\Windows\system32\USP10.dll
0x000007fefb570000 - 0x000007fefb764000 	C:\Windows\WinSxS\amd64_microsoft.windows.common-controls_6595b64144ccf1df_6.0.7601.18837_none_fa3b1e3d17594757\COMCTL32.dll
0x000007fefd490000 - 0x000007fefd501000 	C:\Windows\system32\SHLWAPI.dll
0x000007feff340000 - 0x000007feff36e000 	C:\Windows\system32\IMM32.DLL
0x000007fefd5b0000 - 0x000007fefd6b9000 	C:\Windows\system32\MSCTF.dll
0x00000000779b0000 - 0x0000000077a82000 	C:\Program Files\Java\jdk1.8.0_91\jre\bin\msvcr100.dll
0x0000000070210000 - 0x0000000070aa3000 	C:\Program Files\Java\jdk1.8.0_91\jre\bin\server\jvm.dll
0x000007fef80a0000 - 0x000007fef80a9000 	C:\Windows\system32\WSOCK32.dll
0x000007fefe4c0000 - 0x000007fefe50d000 	C:\Windows\system32\WS2_32.dll
0x000007feff3d0000 - 0x000007feff3d8000 	C:\Windows\system32\NSI.dll
0x000007fefac00000 - 0x000007fefac3b000 	C:\Windows\system32\WINMM.dll
0x000007fefbfc0000 - 0x000007fefbfcc000 	C:\Windows\system32\VERSION.dll
0x0000000077330000 - 0x0000000077337000 	C:\Windows\system32\PSAPI.DLL
0x000000006c010000 - 0x000000006c01f000 	C:\Program Files\Java\jdk1.8.0_91\jre\bin\verify.dll
0x0000000077980000 - 0x00000000779a9000 	C:\Program Files\Java\jdk1.8.0_91\jre\bin\java.dll
0x0000000053cc0000 - 0x0000000053cd6000 	C:\Program Files\Java\jdk1.8.0_91\jre\bin\zip.dll
0x000007fefe510000 - 0x000007feff29c000 	C:\Windows\system32\SHELL32.dll
0x000007fefdc40000 - 0x000007fefde43000 	C:\Windows\system32\ole32.dll
0x000007fefcef0000 - 0x000007fefceff000 	C:\Windows\system32\profapi.dll

VM Arguments:
jvm_args: -Djava.awt.headless=true -Xmx1024M -Dfile.encoding=x-windows-950 -Duser.country=TW -Duser.language=zh -Duser.variant 
java_command: com.android.dx.command.Main --dex --force-jumbo --num-threads=4 --multi-dex --output E:\University\SoftwareStudio\hw\SoftwareStudioFinal\app\build\intermediates\transforms\dex\debug\folders\1000\10\internal_impl-24.0.0_a0a39f1c7da1aa4972b6519f009cb6a5e725ccf1 E:\University\SoftwareStudio\hw\SoftwareStudioFinal\app\build\intermediates\exploded-aar\com.android.support\support-v4\24.0.0\jars\libs\internal_impl-24.0.0.jar
java_class_path (initial): D:\AnSDK\build-tools\24.0.0-preview\lib\dx.jar
Launcher Type: SUN_STANDARD

Environment Variables:
JAVA_HOME=C:\Program Files\Java\jdk1.7.0_79
CLASSPATH=C:\Program Files\Java\jdk1.7.0_79\lib;.
PATH=D:\ProgramData\Oracle\Java\javapath;E:\mingw32\bin;C:\Program Files (x86)\Intel\iCLS Client\;C:\Program Files\Intel\iCLS Client\;C:\ProgramData\Oracle\Java\javapath;C:\Windows\system32;C:\Windows;C:\Windows\System32\Wbem;C:\Windows\System32\WindowsPowerShell\v1.0\;C:\Program Files\Intel\Intel(R) Management Engine Components\DAL;C:\Program Files (x86)\Intel\Intel(R) Management Engine Components\DAL;C:\Program Files\Intel\Intel(R) Management Engine Components\IPT;C:\Program Files (x86)\Intel\Intel(R) Management Engine Components\IPT;C:\Program Files (x86)\Microsoft ASP.NET\ASP.NET Web Pages\v1.0\;C:\Program Files (x86)\Windows Kits\8.0\Windows Performance Toolkit\;C:\Program Files\Microsoft SQL Server\110\Tools\Binn\;C:\Program Files (x86)\NVIDIA Corporation\PhysX\Common;E:\runtime\win64;E:\bin;E:\QuickTime\QTSystem\;C:\Program Files\Java\jdk1.7.0_79\bin;D:\Git\Git\cmd;C:\Program Files\Microsoft\Web Platform Installer\;C:\Program Files\Microsoft Visual Studio 11.0\Common7\IDE;D:\progra~1\lcc\version\bin;C:\Program Files (x86)\GtkSharp\2.12\bin;C:\Program Files (x86)\Skype\Phone\;E:\sqlite
USERNAME=SeanKang
OS=Windows_NT
PROCESSOR_IDENTIFIER=Intel64 Family 6 Model 60 Stepping 3, GenuineIntel



---------------  S Y S T E M  ---------------

OS: Windows 7 , 64 bit Build 7601 (6.1.7601.23418)

CPU:total 8 (4 cores per cpu, 2 threads per core) family 6 model 60 stepping 3, cmov, cx8, fxsr, mmx, sse, sse2, sse3, ssse3, sse4.1, sse4.2, popcnt, avx, avx2, aes, clmul, erms, lzcnt, ht, tsc, tscinvbit, bmi1, bmi2

Memory: 4k page, physical 8339092k(9084k free), swap 11048612k(5836k free)

vm_info: Java HotSpot(TM) 64-Bit Server VM (25.91-b15) for windows-amd64 JRE (1.8.0_91-b15), built on May 20 2016 17:43:15 by "java_re" with MS VC++ 10.0 (VS2010)

time: Tue Jun 21 22:39:32 2016
elapsed time: 3 seconds (0d 0h 0m 3s)

