#
# There is insufficient memory for the Java Runtime Environment to continue.
# Native memory allocation (malloc) failed to allocate 464576 bytes for Chunk::new
# Possible reasons:
#   The system is out of physical RAM or swap space
#   In 32 bit mode, the process size limit was hit
# Possible solutions:
#   Reduce memory load on the system
#   Increase physical memory or swap space
#   Check if swap backing store is full
#   Use 64 bit Java on a 64 bit OS
#   Decrease Java heap size (-Xmx/-Xms)
#   Decrease number of Java threads
#   Decrease Java thread stack sizes (-Xss)
#   Set larger code cache with -XX:ReservedCodeCacheSize=
# This output file may be truncated or incomplete.
#
#  Out of Memory Error (allocation.cpp:390), pid=2580, tid=8024
#
# JRE version: Java(TM) SE Runtime Environment (8.0_91-b15) (build 1.8.0_91-b15)
# Java VM: Java HotSpot(TM) 64-Bit Server VM (25.91-b15 mixed mode windows-amd64 compressed oops)
# Failed to write core dump. Minidumps are not enabled by default on client versions of Windows
#

---------------  T H R E A D  ---------------

Current thread (0x0000000056754000):  JavaThread "C2 CompilerThread2" daemon [_thread_in_native, id=8024, stack(0x0000000058220000,0x0000000058320000)]

Stack: [0x0000000058220000,0x0000000058320000]
[error occurred during error reporting (printing stack bounds), id 0xc0000005]

Native frames: (J=compiled Java code, j=interpreted, Vv=VM code, C=native code)


Current CompileTask:
C2:    257  255   !   4       com.android.dx.cf.cst.ConstantPoolParser::parse0 (731 bytes)


---------------  P R O C E S S  ---------------

Java Threads: ( => current thread )
  0x0000000056a24000 JavaThread "pool-2-thread-4" [_thread_in_vm, id=6660, stack(0x0000000058b10000,0x0000000058c10000)]
  0x0000000056a1b000 JavaThread "pool-2-thread-3" [_thread_blocked, id=10040, stack(0x0000000058850000,0x0000000058950000)]
  0x0000000056935800 JavaThread "pool-2-thread-2" [_thread_blocked, id=3008, stack(0x0000000058580000,0x0000000058680000)]
  0x000000005691d800 JavaThread "pool-3-thread-1" [_thread_blocked, id=8112, stack(0x0000000058950000,0x0000000058a50000)]
  0x000000005691d000 JavaThread "pool-2-thread-1" [_thread_blocked, id=9408, stack(0x0000000058360000,0x0000000058460000)]
  0x00000000567df800 JavaThread "Service Thread" daemon [_thread_blocked, id=7324, stack(0x0000000058480000,0x0000000058580000)]
  0x0000000056771800 JavaThread "C1 CompilerThread3" daemon [_thread_in_native, id=7852, stack(0x0000000057c90000,0x0000000057d90000)]
=>0x0000000056754000 JavaThread "C2 CompilerThread2" daemon [_thread_in_native, id=8024, stack(0x0000000058220000,0x0000000058320000)]
  0x000000005674c000 JavaThread "C2 CompilerThread1" daemon [_thread_in_native, id=8096, stack(0x0000000058040000,0x0000000058140000)]
  0x0000000056742800 JavaThread "C2 CompilerThread0" daemon [_thread_in_native, id=10052, stack(0x0000000057f40000,0x0000000058040000)]
  0x000000005672e800 JavaThread "Attach Listener" daemon [_thread_blocked, id=3312, stack(0x0000000057da0000,0x0000000057ea0000)]
  0x000000005672d800 JavaThread "Signal Dispatcher" daemon [_thread_blocked, id=10024, stack(0x0000000057b30000,0x0000000057c30000)]
  0x000000005566e800 JavaThread "Finalizer" daemon [_thread_blocked, id=9444, stack(0x0000000057930000,0x0000000057a30000)]
  0x0000000055666800 JavaThread "Reference Handler" daemon [_thread_blocked, id=10776, stack(0x0000000057830000,0x0000000057930000)]
  0x0000000002418000 JavaThread "main" [_thread_in_native, id=9456, stack(0x0000000002650000,0x0000000002750000)]

Other Threads:
  0x00000000566d0800 VMThread [stack: 0x00000000576c0000,0x00000000577c0000] [id=6784]
  0x00000000567f9800 WatcherThread [stack: 0x00000000586c0000,0x00000000587c0000] [id=10224]

VM state:not at safepoint (normal execution)

VM Mutex/Monitor currently owned by a thread: None

Heap:
 PSYoungGen      total 38400K, used 10038K [0x00000000eab00000, 0x00000000ed580000, 0x0000000100000000)
  eden space 33280K, 30% used [0x00000000eab00000,0x00000000eb4cd9c0,0x00000000ecb80000)
  from space 5120K, 0% used [0x00000000ed080000,0x00000000ed080000,0x00000000ed580000)
  to   space 5120K, 0% used [0x00000000ecb80000,0x00000000ecb80000,0x00000000ed080000)
 ParOldGen       total 87552K, used 0K [0x00000000c0000000, 0x00000000c5580000, 0x00000000eab00000)
  object space 87552K, 0% used [0x00000000c0000000,0x00000000c0000000,0x00000000c5580000)
 Metaspace       used 4639K, capacity 5808K, committed 6016K, reserved 1056768K
  class space    used 514K, capacity 552K, committed 640K, reserved 1048576K

Card table byte_map: [0x0000000011b10000,0x0000000011d20000] byte_map_base: 0x0000000011510000

Marking Bits: (ParMarkBitMap*) 0x000000005d902f70
 Begin Bits: [0x0000000012a80000, 0x0000000013a80000)
 End Bits:   [0x0000000013a80000, 0x0000000014a80000)

Polling page: 0x0000000001c70000

CodeCache: size=245760Kb used=1655Kb max_used=1655Kb free=244104Kb
 bounds [0x0000000002750000, 0x00000000029c0000, 0x0000000011750000]
 total_blobs=552 nmethods=293 adapters=172
 compilation: enabled

Compilation events (10 events):
Event: 0.245 Thread 0x0000000056771800  264       1       com.android.dx.ssa.SsaMethod::getExitBlockIndex (5 bytes)
Event: 0.245 Thread 0x0000000056771800 nmethod 264 0x00000000028e1a10 code [0x00000000028e1b60, 0x00000000028e1c70]
Event: 0.245 Thread 0x0000000056771800  265       1       com.android.dx.rop.code.RegisterSpec::getReg (5 bytes)
Event: 0.245 Thread 0x0000000056771800 nmethod 265 0x00000000028e1cd0 code [0x00000000028e1e20, 0x00000000028e1f30]
Event: 0.245 Thread 0x0000000056771800  266       1       com.android.dx.rop.code.Rop::getOpcode (5 bytes)
Event: 0.245 Thread 0x0000000056771800 nmethod 266 0x00000000028e1f90 code [0x00000000028e20e0, 0x00000000028e21f0]
Event: 0.246 Thread 0x0000000056771800  267       3       java.util.BitSet::nextSetBit (102 bytes)
Event: 0.246 Thread 0x0000000056771800 nmethod 267 0x00000000028e27d0 code [0x00000000028e29e0, 0x00000000028e3498]
Event: 0.246 Thread 0x0000000056742800 nmethod 254 0x00000000028e4b10 code [0x00000000028e4da0, 0x00000000028e56b0]
Event: 0.247 Thread 0x000000005674c000  268       4       java.lang.String::replace (127 bytes)

GC Heap History (0 events):
No events

Deoptimization events (0 events):
No events

Internal exceptions (2 events):
Event: 0.030 Thread 0x0000000002418000 Exception <a 'java/lang/NoSuchMethodError': Method sun.misc.Unsafe.defineClass(Ljava/lang/String;[BII)Ljava/lang/Class; name or signature does not match> (0x00000000eab07cc0) thrown at [C:\re\workspace\8-2-build-windows-amd64-cygwin\jdk8u91\7017\hotspot\srµú”Vuž?
Event: 0.030 Thread 0x0000000002418000 Exception <a 'java/lang/NoSuchMethodError': Method sun.misc.Unsafe.prefetchRead(Ljava/lang/Object;J)V name or signature does not match> (0x00000000eab07fa8) thrown at [C:\re\workspace\8-2-build-windows-amd64-cygwin\jdk8u91\7017\hotspot\src\share\vm\prims\j

Events (10 events):
Event: 0.238 loading class com/android/dx/ssa/LocalVariableInfo done
Event: 0.238 loading class com/android/dx/rop/code/RegisterSpecSet
Event: 0.238 loading class com/android/dx/rop/code/RegisterSpecSet done
Event: 0.241 Thread 0x0000000056a24000 Thread added: 0x0000000056a24000
Event: 0.243 loading class com/android/dx/ssa/DomFront
Event: 0.243 loading class com/android/dx/ssa/DomFront done
Event: 0.244 loading class com/android/dx/ssa/DomFront$DomInfo
Event: 0.244 loading class com/android/dx/ssa/DomFront$DomInfo done
Event: 0.246 loading class com/android/dx/ssa/Dominators
Event: 0.246 loading class com/android/dx/ssa/Dominators done


Dynamic libraries:
0x000000013f2e0000 - 0x000000013f317000 	C:\Program Files\Java\jdk1.8.0_91\bin\java.exe
0x0000000077170000 - 0x000000007731a000 	C:\Windows\SYSTEM32\ntdll.dll
0x0000000076f50000 - 0x000000007706f000 	C:\Windows\system32\kernel32.dll
0x000007fefcf50000 - 0x000007fefcfba000 	C:\Windows\system32\KERNELBASE.dll
0x000007fefd6c0000 - 0x000007fefd79b000 	C:\Windows\system32\ADVAPI32.dll
0x000007feff3e0000 - 0x000007feff47f000 	C:\Windows\system32\msvcrt.dll
0x000007fefe490000 - 0x000007fefe4af000 	C:\Windows\SYSTEM32\sechost.dll
0x000007fefd820000 - 0x000007fefd94d000 	C:\Windows\system32\RPCRT4.dll
0x0000000077070000 - 0x000000007716a000 	C:\Windows\system32\USER32.dll
0x000007fefdbd0000 - 0x000007fefdc37000 	C:\Windows\system32\GDI32.dll
0x000007fefe4b0000 - 0x000007fefe4be000 	C:\Windows\system32\LPK.dll
0x000007fefd970000 - 0x000007fefda3a000 	C:\Windows\system32\USP10.dll
0x000007fefb570000 - 0x000007fefb764000 	C:\Windows\WinSxS\amd64_microsoft.windows.common-controls_6595b64144ccf1df_6.0.7601.18837_none_fa3b1e3d17594757\COMCTL32.dll
0x000007fefd490000 - 0x000007fefd501000 	C:\Windows\system32\SHLWAPI.dll
0x000007feff340000 - 0x000007feff36e000 	C:\Windows\system32\IMM32.DLL
0x000007fefd5b0000 - 0x000007fefd6b9000 	C:\Windows\system32\MSCTF.dll
0x000000005d990000 - 0x000000005da62000 	C:\Program Files\Java\jdk1.8.0_91\jre\bin\msvcr100.dll
0x000000005d0f0000 - 0x000000005d983000 	C:\Program Files\Java\jdk1.8.0_91\jre\bin\server\jvm.dll
0x000007fef80a0000 - 0x000007fef80a9000 	C:\Windows\system32\WSOCK32.dll
0x000007fefe4c0000 - 0x000007fefe50d000 	C:\Windows\system32\WS2_32.dll
0x000007feff3d0000 - 0x000007feff3d8000 	C:\Windows\system32\NSI.dll
0x000007fefac00000 - 0x000007fefac3b000 	C:\Windows\system32\WINMM.dll
0x000007fefbfc0000 - 0x000007fefbfcc000 	C:\Windows\system32\VERSION.dll
0x0000000077330000 - 0x0000000077337000 	C:\Windows\system32\PSAPI.DLL
0x000000006c010000 - 0x000000006c01f000 	C:\Program Files\Java\jdk1.8.0_91\jre\bin\verify.dll
0x000000006b340000 - 0x000000006b369000 	C:\Program Files\Java\jdk1.8.0_91\jre\bin\java.dll
0x000000006b3f0000 - 0x000000006b406000 	C:\Program Files\Java\jdk1.8.0_91\jre\bin\zip.dll
0x000007fefe510000 - 0x000007feff29c000 	C:\Windows\system32\SHELL32.dll
0x000007fefdc40000 - 0x000007fefde43000 	C:\Windows\system32\ole32.dll
0x000007fefcef0000 - 0x000007fefceff000 	C:\Windows\system32\profapi.dll

VM Arguments:
jvm_args: -Djava.awt.headless=true -Xmx1024M -Dfile.encoding=x-windows-950 -Duser.country=TW -Duser.language=zh -Duser.variant 
java_command: com.android.dx.command.Main --dex --force-jumbo --num-threads=4 --multi-dex --output E:\University\SoftwareStudio\hw\SoftwareStudioFinal\app\build\intermediates\transforms\dex\debug\folders\1000\5\slice_8 E:\University\SoftwareStudio\hw\SoftwareStudioFinal\app\build\intermediates\transforms\instantRunSlicer\debug\folders\1\5\slice_8
java_class_path (initial): D:\AnSDK\build-tools\24.0.0-preview\lib\dx.jar
Launcher Type: SUN_STANDARD

Environment Variables:
JAVA_HOME=C:\Program Files\Java\jdk1.7.0_79
CLASSPATH=C:\Program Files\Java\jdk1.7.0_79\lib;.
PATH=D:\ProgramData\Oracle\Java\javapath;E:\mingw32\bin;C:\Program Files (x86)\Intel\iCLS Client\;C:\Program Files\Intel\iCLS Client\;C:\ProgramData\Oracle\Java\javapath;C:\Windows\system32;C:\Windows;C:\Windows\System32\Wbem;C:\Windows\System32\WindowsPowerShell\v1.0\;C:\Program Files\Intel\Intel(R) Management Engine Components\DAL;C:\Program Files (x86)\Intel\Intel(R) Management Engine Components\DAL;C:\Program Files\Intel\Intel(R) Management Engine Components\IPT;C:\Program Files (x86)\Intel\Intel(R) Management Engine Components\IPT;C:\Program Files (x86)\Microsoft ASP.NET\ASP.NET Web Pages\v1.0\;C:\Program Files (x86)\Windows Kits\8.0\Windows Performance Toolkit\;C:\Program Files\Microsoft SQL Server\110\Tools\Binn\;C:\Program Files (x86)\NVIDIA Corporation\PhysX\Common;E:\runtime\win64;E:\bin;E:\QuickTime\QTSystem\;C:\Program Files\Java\jdk1.7.0_79\bin;D:\Git\Git\cmd;C:\Program Files\Microsoft\Web Platform Installer\;C:\Program Files\Microsoft Visual Studio 11.0\Common7\IDE;D:\progra~1\lcc\version\bin;C:\Program Files (x86)\GtkSharp\2.12\bin;C:\Program Files (x86)\Skype\Phone\;E:\sqlite
USERNAME=SeanKang
OS=Windows_NT
PROCESSOR_IDENTIFIER=Intel64 Family 6 Model 60 Stepping 3, GenuineIntel



---------------  S Y S T E M  ---------------

OS: Windows 7 , 64 bit Build 7601 (6.1.7601.23418)

CPU:total 8 (4 cores per cpu, 2 threads per core) family 6 model 60 stepping 3, cmov, cx8, fxsr, mmx, sse, sse2, sse3, ssse3, sse4.1, sse4.2, popcnt, avx, avx2, aes, clmul, erms, lzcnt, ht, tsc, tscinvbit, bmi1, bmi2

Memory: 4k page, physical 8339092k(452256k free), swap 11048612k(5056k free)

vm_info: Java HotSpot(TM) 64-Bit Server VM (25.91-b15) for windows-amd64 JRE (1.8.0_91-b15), built on May 20 2016 17:43:15 by "java_re" with MS VC++ 10.0 (VS2010)

time: Wed Jun 22 02:53:00 2016
elapsed time: 0 seconds (0d 0h 0m 0s)

