#
# There is insufficient memory for the Java Runtime Environment to continue.
# Native memory allocation (malloc) failed to allocate 575776 bytes for Chunk::new
# Possible reasons:
#   The system is out of physical RAM or swap space
#   In 32 bit mode, the process size limit was hit
# Possible solutions:
#   Reduce memory load on the system
#   Increase physical memory or swap space
#   Check if swap backing store is full
#   Use 64 bit Java on a 64 bit OS
#   Decrease Java heap size (-Xmx/-Xms)
#   Decrease number of Java threads
#   Decrease Java thread stack sizes (-Xss)
#   Set larger code cache with -XX:ReservedCodeCacheSize=
# This output file may be truncated or incomplete.
#
#  Out of Memory Error (allocation.cpp:390), pid=4904, tid=6968
#
# JRE version: Java(TM) SE Runtime Environment (8.0_91-b15) (build 1.8.0_91-b15)
# Java VM: Java HotSpot(TM) 64-Bit Server VM (25.91-b15 mixed mode windows-amd64 compressed oops)
# Failed to write core dump. Minidumps are not enabled by default on client versions of Windows
#

---------------  T H R E A D  ---------------

Current thread (0x00000000168de800):  JavaThread "C2 CompilerThread1" daemon [_thread_in_native, id=6968, stack(0x00000000181e0000,0x00000000182e0000)]

Stack: [0x00000000181e0000,0x00000000182e0000]
[error occurred during error reporting (printing stack bounds), id 0xc0000005]

Native frames: (J=compiled Java code, j=interpreted, Vv=VM code, C=native code)


Current CompileTask:
C2:   5131 1779 %     4       com.android.dx.ssa.SsaConverter::placePhiFunctions @ 131 (394 bytes)


---------------  P R O C E S S  ---------------

Java Threads: ( => current thread )
  0x00000000188c3000 JavaThread "pool-2-thread-4" [_thread_in_Java, id=9588, stack(0x0000000019620000,0x0000000019720000)]
  0x00000000188c6800 JavaThread "pool-2-thread-3" [_thread_in_Java, id=6468, stack(0x0000000017d40000,0x0000000017e40000)]
  0x00000000188c2000 JavaThread "pool-2-thread-2" [_thread_in_Java, id=7804, stack(0x0000000019490000,0x0000000019590000)]
  0x00000000188bf000 JavaThread "pool-3-thread-1" [_thread_blocked, id=10156, stack(0x0000000019340000,0x0000000019440000)]
  0x00000000188bd000 JavaThread "pool-2-thread-1" [_thread_in_Java, id=3984, stack(0x00000000191a0000,0x00000000192a0000)]
  0x000000001692d000 JavaThread "Service Thread" daemon [_thread_blocked, id=10800, stack(0x00000000182e0000,0x00000000183e0000)]
  0x0000000016909000 JavaThread "C1 CompilerThread3" daemon [_thread_blocked, id=10956, stack(0x0000000018550000,0x0000000018650000)]
  0x00000000168f7800 JavaThread "C2 CompilerThread2" daemon [_thread_in_native, id=9924, stack(0x00000000183f0000,0x00000000184f0000)]
=>0x00000000168de800 JavaThread "C2 CompilerThread1" daemon [_thread_in_native, id=6968, stack(0x00000000181e0000,0x00000000182e0000)]
  0x00000000168b2800 JavaThread "C2 CompilerThread0" daemon [_thread_in_native, id=8732, stack(0x0000000018030000,0x0000000018130000)]
  0x000000001689e800 JavaThread "Attach Listener" daemon [_thread_blocked, id=11200, stack(0x0000000017e90000,0x0000000017f90000)]
  0x000000001689d800 JavaThread "Signal Dispatcher" daemon [_thread_blocked, id=6480, stack(0x00000000177a0000,0x00000000178a0000)]
  0x00000000157de800 JavaThread "Finalizer" daemon [_thread_blocked, id=7448, stack(0x0000000017c40000,0x0000000017d40000)]
  0x00000000157d6800 JavaThread "Reference Handler" daemon [_thread_blocked, id=10596, stack(0x0000000017a50000,0x0000000017b50000)]
  0x0000000002448000 JavaThread "main" [_thread_in_Java, id=8644, stack(0x0000000002890000,0x0000000002990000)]

Other Threads:
  0x0000000016840800 VMThread [stack: 0x0000000017910000,0x0000000017a10000] [id=3312]
  0x000000001692e800 WatcherThread [stack: 0x0000000018760000,0x0000000018860000] [id=7236]

VM state:not at safepoint (normal execution)

VM Mutex/Monitor currently owned by a thread: None

Heap:
 PSYoungGen      total 71680K, used 62830K [0x00000000eab00000, 0x00000000ef600000, 0x0000000100000000)
  eden space 66560K, 86% used [0x00000000eab00000,0x00000000ee35dac8,0x00000000eec00000)
  from space 5120K, 99% used [0x00000000ef100000,0x00000000ef5fdef0,0x00000000ef600000)
  to   space 5120K, 0% used [0x00000000eec00000,0x00000000eec00000,0x00000000ef100000)
 ParOldGen       total 87552K, used 2433K [0x00000000c0000000, 0x00000000c5580000, 0x00000000eab00000)
  object space 87552K, 2% used [0x00000000c0000000,0x00000000c0260648,0x00000000c5580000)
 Metaspace       used 6305K, capacity 7094K, committed 7296K, reserved 1056768K
  class space    used 609K, capacity 622K, committed 640K, reserved 1048576K

Card table byte_map: [0x0000000011d50000,0x0000000011f60000] byte_map_base: 0x0000000011750000

Marking Bits: (ParMarkBitMap*) 0x0000000070a22f70
 Begin Bits: [0x0000000012bf0000, 0x0000000013bf0000)
 End Bits:   [0x0000000013bf0000, 0x0000000014bf0000)

Polling page: 0x0000000000440000

CodeCache: size=245760Kb used=7985Kb max_used=7985Kb free=237774Kb
 bounds [0x0000000002990000, 0x0000000003170000, 0x0000000011990000]
 total_blobs=2115 nmethods=1843 adapters=184
 compilation: enabled

Compilation events (10 events):
Event: 5.069 Thread 0x0000000016909000 nmethod 1801 0x000000000313cad0 code [0x000000000313cc60, 0x000000000313cf78]
Event: 5.071 Thread 0x0000000016909000 1803       3       java.util.concurrent.locks.ReentrantLock$FairSync::tryAcquire (74 bytes)
Event: 5.071 Thread 0x0000000016909000 nmethod 1803 0x0000000003143d50 code [0x0000000003143f00, 0x0000000003144738]
Event: 5.071 Thread 0x0000000016909000 1805       3       com.android.dx.ssa.MoveParamCombiner::run (45 bytes)
Event: 5.072 Thread 0x0000000016909000 nmethod 1805 0x0000000003142ed0 code [0x00000000031430a0, 0x0000000003143938]
Event: 5.072 Thread 0x0000000016909000 1806       3       com.android.dx.ssa.MoveParamCombiner$1::<init> (20 bytes)
Event: 5.072 Thread 0x0000000016909000 nmethod 1806 0x0000000003142ad0 code [0x0000000003142c20, 0x0000000003142e10]
Event: 5.072 Thread 0x0000000016909000 1815       3       com.android.dx.ssa.back.FirstFitLocalCombiningAllocator::handleLocalAssociatedOther (151 bytes)
Event: 5.073 Thread 0x0000000016909000 nmethod 1815 0x0000000003148190 code [0x0000000003148420, 0x0000000003149478]
Event: 5.073 Thread 0x0000000016909000 1814       3       com.android.dx.ssa.back.FirstFitLocalCombiningAllocator::handleInvokeRangeInsns (36 bytes)

GC Heap History (4 events):
Event: 0.744 GC heap before
{Heap before GC invocations=1 (full 0):
 PSYoungGen      total 38400K, used 33280K [0x00000000eab00000, 0x00000000ed580000, 0x0000000100000000)
  eden space 33280K, 100% used [0x00000000eab00000,0x00000000ecb80000,0x00000000ecb80000)
  from space 5120K, 0% used [0x00000000ed080000,0x00000000ed080000,0x00000000ed580000)
  to   space 5120K, 0% used [0x00000000ecb80000,0x00000000ecb80000,0x00000000ed080000)
 ParOldGen       total 87552K, used 0K [0x00000000c0000000, 0x00000000c5580000, 0x00000000eab00000)
  object space 87552K, 0% used [0x00000000c0000000,0x00000000c0000000,0x00000000c5580000)
 Metaspace       used 5864K, capacity 6710K, committed 6784K, reserved 1056768K
  class space    used 606K, capacity 622K, committed 640K, reserved 1048576K
Event: 1.256 GC heap after
Heap after GC invocations=1 (full 0):
 PSYoungGen      total 38400K, used 4978K [0x00000000eab00000, 0x00000000ef600000, 0x0000000100000000)
  eden space 33280K, 0% used [0x00000000eab00000,0x00000000eab00000,0x00000000ecb80000)
  from space 5120K, 97% used [0x00000000ecb80000,0x00000000ed05cb78,0x00000000ed080000)
  to   space 5120K, 0% used [0x00000000ef100000,0x00000000ef100000,0x00000000ef600000)
 ParOldGen       total 87552K, used 8K [0x00000000c0000000, 0x00000000c5580000, 0x00000000eab00000)
  object space 87552K, 0% used [0x00000000c0000000,0x00000000c0002000,0x00000000c5580000)
 Metaspace       used 5864K, capacity 6710K, committed 6784K, reserved 1056768K
  class space    used 606K, capacity 622K, committed 640K, reserved 1048576K
}
Event: 2.460 GC heap before
{Heap before GC invocations=2 (full 0):
 PSYoungGen      total 38400K, used 38258K [0x00000000eab00000, 0x00000000ef600000, 0x0000000100000000)
  eden space 33280K, 100% used [0x00000000eab00000,0x00000000ecb80000,0x00000000ecb80000)
  from space 5120K, 97% used [0x00000000ecb80000,0x00000000ed05cb78,0x00000000ed080000)
  to   space 5120K, 0% used [0x00000000ef100000,0x00000000ef100000,0x00000000ef600000)
 ParOldGen       total 87552K, used 8K [0x00000000c0000000, 0x00000000c5580000, 0x00000000eab00000)
  object space 87552K, 0% used [0x00000000c0000000,0x00000000c0002000,0x00000000c5580000)
 Metaspace       used 6156K, capacity 6966K, committed 7040K, reserved 1056768K
  class space    used 608K, capacity 622K, committed 640K, reserved 1048576K
Event: 3.091 GC heap after
Heap after GC invocations=2 (full 0):
 PSYoungGen      total 71680K, used 5111K [0x00000000eab00000, 0x00000000ef600000, 0x0000000100000000)
  eden space 66560K, 0% used [0x00000000eab00000,0x00000000eab00000,0x00000000eec00000)
  from space 5120K, 99% used [0x00000000ef100000,0x00000000ef5fdef0,0x00000000ef600000)
  to   space 5120K, 0% used [0x00000000eec00000,0x00000000eec00000,0x00000000ef100000)
 ParOldGen       total 87552K, used 2433K [0x00000000c0000000, 0x00000000c5580000, 0x00000000eab00000)
  object space 87552K, 2% used [0x00000000c0000000,0x00000000c0260648,0x00000000c5580000)
 Metaspace       used 6156K, capacity 6966K, committed 7040K, reserved 1056768K
  class space    used 608K, capacity 622K, committed 640K, reserved 1048576K
}

Deoptimization events (10 events):
Event: 4.977 Thread 0x00000000188c2000 Uncommon trap: reason=bimorphic action=maybe_recompile pc=0x0000000002be59c8 method=java.util.HashMap.getNode(ILjava/lang/Object;)Ljava/util/HashMap$Node; @ 126
Event: 4.977 Thread 0x00000000188c2000 Uncommon trap: reason=class_check action=maybe_recompile pc=0x0000000003022630 method=java.util.HashMap.putVal(ILjava/lang/Object;Ljava/lang/Object;ZZ)Ljava/lang/Object; @ 203
Event: 4.977 Thread 0x00000000188c2000 Uncommon trap: reason=bimorphic action=maybe_recompile pc=0x0000000002be59c8 method=java.util.HashMap.getNode(ILjava/lang/Object;)Ljava/util/HashMap$Node; @ 126
Event: 4.977 Thread 0x00000000188c2000 Uncommon trap: reason=class_check action=maybe_recompile pc=0x0000000003022630 method=java.util.HashMap.putVal(ILjava/lang/Object;Ljava/lang/Object;ZZ)Ljava/lang/Object; @ 203
Event: 4.977 Thread 0x00000000188c2000 Uncommon trap: reason=bimorphic action=maybe_recompile pc=0x0000000002c28e1c method=java.util.HashMap.getNode(ILjava/lang/Object;)Ljava/util/HashMap$Node; @ 126
Event: 4.977 Thread 0x00000000188c2000 Uncommon trap: reason=bimorphic action=maybe_recompile pc=0x0000000002c28e1c method=java.util.HashMap.getNode(ILjava/lang/Object;)Ljava/util/HashMap$Node; @ 126
Event: 4.977 Thread 0x00000000188c2000 Uncommon trap: reason=class_check action=maybe_recompile pc=0x0000000003022630 method=java.util.HashMap.putVal(ILjava/lang/Object;Ljava/lang/Object;ZZ)Ljava/lang/Object; @ 203
Event: 4.977 Thread 0x00000000188c2000 Uncommon trap: reason=bimorphic action=maybe_recompile pc=0x0000000002be59c8 method=java.util.HashMap.getNode(ILjava/lang/Object;)Ljava/util/HashMap$Node; @ 126
Event: 4.994 Thread 0x00000000188bd000 Uncommon trap: reason=unstable_if action=reinterpret pc=0x0000000002c76334 method=com.android.dx.rop.code.RegisterSpec.equals(ILcom/android/dx/rop/type/TypeBearer;Lcom/android/dx/rop/code/LocalItem;)Z @ 42
Event: 4.997 Thread 0x0000000002448000 Uncommon trap: reason=unstable_if action=reinterpret pc=0x0000000002cb004c method=com.android.dx.ssa.SsaMethod.updateOneDefinition(Lcom/android/dx/ssa/SsaInsn;Lcom/android/dx/rop/code/RegisterSpec;)V @ 4

Internal exceptions (3 events):
Event: 0.062 Thread 0x0000000002448000 Exception <a 'java/lang/NoSuchMethodError': Method sun.misc.Unsafe.defineClass(Ljava/lang/String;[BII)Ljava/lang/Class; name or signature does not match> (0x00000000eab07cc0) thrown at [C:\re\workspace\8-2-build-windows-amd64-cygwin\jdk8u91\7017\hotspot\srSÎkÄ*•¯?
Event: 0.062 Thread 0x0000000002448000 Exception <a 'java/lang/NoSuchMethodError': Method sun.misc.Unsafe.prefetchRead(Ljava/lang/Object;J)V name or signature does not match> (0x00000000eab07fa8) thrown at [C:\re\workspace\8-2-build-windows-amd64-cygwin\jdk8u91\7017\hotspot\src\share\vm\prims\jÞÄ:wíú?
Event: 1.683 Thread 0x00000000188c3000 Implicit null exception at 0x0000000002c72ad2 to 0x0000000002c72bd9

Events (10 events):
Event: 4.977 Thread 0x00000000188c2000 DEOPT PACKING pc=0x0000000002be59c8 sp=0x000000001958e570
Event: 4.977 Thread 0x00000000188c2000 DEOPT UNPACKING pc=0x00000000029d582a sp=0x000000001958e508 mode 2
Event: 4.994 Thread 0x00000000188bd000 Uncommon trap: trap_request=0xffffff65 fr.pc=0x0000000002c76334
Event: 4.994 Thread 0x00000000188bd000 DEOPT PACKING pc=0x0000000002c76334 sp=0x000000001929e620
Event: 4.994 Thread 0x00000000188bd000 DEOPT UNPACKING pc=0x00000000029d582a sp=0x000000001929e5a8 mode 2
Event: 4.997 Thread 0x0000000002448000 Uncommon trap: trap_request=0xffffff65 fr.pc=0x0000000002cb004c
Event: 4.997 Thread 0x0000000002448000 DEOPT PACKING pc=0x0000000002cb004c sp=0x000000000298e450
Event: 4.998 Thread 0x0000000002448000 DEOPT UNPACKING pc=0x00000000029d582a sp=0x000000000298e3f8 mode 2
Event: 5.072 Thread 0x00000000188bd000 DEOPT PACKING pc=0x0000000002d427c6 sp=0x000000001929e3b0
Event: 5.072 Thread 0x00000000188bd000 DEOPT UNPACKING pc=0x00000000029d787f sp=0x000000001929e1f0 mode 0


Dynamic libraries:
0x000000013f7a0000 - 0x000000013f7d7000 	C:\Program Files\Java\jdk1.8.0_91\bin\java.exe
0x0000000077170000 - 0x000000007731a000 	C:\Windows\SYSTEM32\ntdll.dll
0x0000000076f50000 - 0x000000007706f000 	C:\Windows\system32\kernel32.dll
0x000007fefcf50000 - 0x000007fefcfba000 	C:\Windows\system32\KERNELBASE.dll
0x000007fefd6c0000 - 0x000007fefd79b000 	C:\Windows\system32\ADVAPI32.dll
0x000007feff3e0000 - 0x000007feff47f000 	C:\Windows\system32\msvcrt.dll
0x000007fefe490000 - 0x000007fefe4af000 	C:\Windows\SYSTEM32\sechost.dll
0x000007fefd820000 - 0x000007fefd94d000 	C:\Windows\system32\RPCRT4.dll
0x0000000077070000 - 0x000000007716a000 	C:\Windows\system32\USER32.dll
0x000007fefdbd0000 - 0x000007fefdc37000 	C:\Windows\system32\GDI32.dll
0x000007fefe4b0000 - 0x000007fefe4be000 	C:\Windows\system32\LPK.dll
0x000007fefd970000 - 0x000007fefda3a000 	C:\Windows\system32\USP10.dll
0x000007fefb570000 - 0x000007fefb764000 	C:\Windows\WinSxS\amd64_microsoft.windows.common-controls_6595b64144ccf1df_6.0.7601.18837_none_fa3b1e3d17594757\COMCTL32.dll
0x000007fefd490000 - 0x000007fefd501000 	C:\Windows\system32\SHLWAPI.dll
0x000007feff340000 - 0x000007feff36e000 	C:\Windows\system32\IMM32.DLL
0x000007fefd5b0000 - 0x000007fefd6b9000 	C:\Windows\system32\MSCTF.dll
0x00000000779b0000 - 0x0000000077a82000 	C:\Program Files\Java\jdk1.8.0_91\jre\bin\msvcr100.dll
0x0000000070210000 - 0x0000000070aa3000 	C:\Program Files\Java\jdk1.8.0_91\jre\bin\server\jvm.dll
0x000007fef80a0000 - 0x000007fef80a9000 	C:\Windows\system32\WSOCK32.dll
0x000007fefe4c0000 - 0x000007fefe50d000 	C:\Windows\system32\WS2_32.dll
0x000007feff3d0000 - 0x000007feff3d8000 	C:\Windows\system32\NSI.dll
0x000007fefac00000 - 0x000007fefac3b000 	C:\Windows\system32\WINMM.dll
0x000007fefbfc0000 - 0x000007fefbfcc000 	C:\Windows\system32\VERSION.dll
0x0000000077330000 - 0x0000000077337000 	C:\Windows\system32\PSAPI.DLL
0x000000006c010000 - 0x000000006c01f000 	C:\Program Files\Java\jdk1.8.0_91\jre\bin\verify.dll
0x0000000077980000 - 0x00000000779a9000 	C:\Program Files\Java\jdk1.8.0_91\jre\bin\java.dll
0x0000000053cc0000 - 0x0000000053cd6000 	C:\Program Files\Java\jdk1.8.0_91\jre\bin\zip.dll
0x000007fefe510000 - 0x000007feff29c000 	C:\Windows\system32\SHELL32.dll
0x000007fefdc40000 - 0x000007fefde43000 	C:\Windows\system32\ole32.dll
0x000007fefcef0000 - 0x000007fefceff000 	C:\Windows\system32\profapi.dll

VM Arguments:
jvm_args: -Djava.awt.headless=true -Xmx1024M -Dfile.encoding=x-windows-950 -Duser.country=TW -Duser.language=zh -Duser.variant 
java_command: com.android.dx.command.Main --dex --force-jumbo --num-threads=4 --multi-dex --output E:\University\SoftwareStudio\hw\SoftwareStudioFinal\app\build\intermediates\transforms\dex\debug\folders\1000\10\com.android.support-support-v4-24.0.0_9d84c15f637f3f7b189fda7b5da21144e14b3101 E:\University\SoftwareStudio\hw\SoftwareStudioFinal\app\build\intermediates\exploded-aar\com.android.support\support-v4\24.0.0\jars\classes.jar
java_class_path (initial): D:\AnSDK\build-tools\24.0.0-preview\lib\dx.jar
Launcher Type: SUN_STANDARD

Environment Variables:
JAVA_HOME=C:\Program Files\Java\jdk1.7.0_79
CLASSPATH=C:\Program Files\Java\jdk1.7.0_79\lib;.
PATH=D:\ProgramData\Oracle\Java\javapath;E:\mingw32\bin;C:\Program Files (x86)\Intel\iCLS Client\;C:\Program Files\Intel\iCLS Client\;C:\ProgramData\Oracle\Java\javapath;C:\Windows\system32;C:\Windows;C:\Windows\System32\Wbem;C:\Windows\System32\WindowsPowerShell\v1.0\;C:\Program Files\Intel\Intel(R) Management Engine Components\DAL;C:\Program Files (x86)\Intel\Intel(R) Management Engine Components\DAL;C:\Program Files\Intel\Intel(R) Management Engine Components\IPT;C:\Program Files (x86)\Intel\Intel(R) Management Engine Components\IPT;C:\Program Files (x86)\Microsoft ASP.NET\ASP.NET Web Pages\v1.0\;C:\Program Files (x86)\Windows Kits\8.0\Windows Performance Toolkit\;C:\Program Files\Microsoft SQL Server\110\Tools\Binn\;C:\Program Files (x86)\NVIDIA Corporation\PhysX\Common;E:\runtime\win64;E:\bin;E:\QuickTime\QTSystem\;C:\Program Files\Java\jdk1.7.0_79\bin;D:\Git\Git\cmd;C:\Program Files\Microsoft\Web Platform Installer\;C:\Program Files\Microsoft Visual Studio 11.0\Common7\IDE;D:\progra~1\lcc\version\bin;C:\Program Files (x86)\GtkSharp\2.12\bin;C:\Program Files (x86)\Skype\Phone\;E:\sqlite
USERNAME=SeanKang
OS=Windows_NT
PROCESSOR_IDENTIFIER=Intel64 Family 6 Model 60 Stepping 3, GenuineIntel



---------------  S Y S T E M  ---------------

OS: Windows 7 , 64 bit Build 7601 (6.1.7601.23418)

CPU:total 8 (4 cores per cpu, 2 threads per core) family 6 model 60 stepping 3, cmov, cx8, fxsr, mmx, sse, sse2, sse3, ssse3, sse4.1, sse4.2, popcnt, avx, avx2, aes, clmul, erms, lzcnt, ht, tsc, tscinvbit, bmi1, bmi2

Memory: 4k page, physical 8339092k(11092k free), swap 11048612k(4988k free)

vm_info: Java HotSpot(TM) 64-Bit Server VM (25.91-b15) for windows-amd64 JRE (1.8.0_91-b15), built on May 20 2016 17:43:15 by "java_re" with MS VC++ 10.0 (VS2010)

time: Tue Jun 21 22:39:32 2016
elapsed time: 5 seconds (0d 0h 0m 5s)

