#
# There is insufficient memory for the Java Runtime Environment to continue.
# Native memory allocation (malloc) failed to allocate 1017776 bytes for Chunk::new
# Possible reasons:
#   The system is out of physical RAM or swap space
#   In 32 bit mode, the process size limit was hit
# Possible solutions:
#   Reduce memory load on the system
#   Increase physical memory or swap space
#   Check if swap backing store is full
#   Use 64 bit Java on a 64 bit OS
#   Decrease Java heap size (-Xmx/-Xms)
#   Decrease number of Java threads
#   Decrease Java thread stack sizes (-Xss)
#   Set larger code cache with -XX:ReservedCodeCacheSize=
# This output file may be truncated or incomplete.
#
#  Out of Memory Error (allocation.cpp:390), pid=8436, tid=7884
#
# JRE version: Java(TM) SE Runtime Environment (8.0_91-b15) (build 1.8.0_91-b15)
# Java VM: Java HotSpot(TM) 64-Bit Server VM (25.91-b15 mixed mode windows-amd64 compressed oops)
# Failed to write core dump. Minidumps are not enabled by default on client versions of Windows
#

---------------  T H R E A D  ---------------

Current thread (0x000000001678d000):  JavaThread "C2 CompilerThread1" daemon [_thread_in_native, id=7884, stack(0x00000000180e0000,0x00000000181e0000)]

Stack: [0x00000000180e0000,0x00000000181e0000]
[error occurred during error reporting (printing stack bounds), id 0xc0000005]

Native frames: (J=compiled Java code, j=interpreted, Vv=VM code, C=native code)


Current CompileTask:
C2:   6576 1845       4       com.android.dx.cf.code.Simulator$SimVisitor::visitConstant (332 bytes)


---------------  P R O C E S S  ---------------

Java Threads: ( => current thread )
  0x0000000016850800 JavaThread "pool-2-thread-4" [_thread_in_Java, id=9260, stack(0x0000000019680000,0x0000000019780000)]
  0x0000000016aaf800 JavaThread "pool-2-thread-3" [_thread_in_Java, id=9872, stack(0x0000000019450000,0x0000000019550000)]
  0x0000000016aac800 JavaThread "pool-2-thread-2" [_thread_blocked, id=9116, stack(0x0000000019300000,0x0000000019400000)]
  0x0000000016a7f800 JavaThread "pool-3-thread-1" [_thread_blocked, id=8480, stack(0x00000000191c0000,0x00000000192c0000)]
  0x0000000016a7f000 JavaThread "pool-2-thread-1" [_thread_blocked, id=9800, stack(0x0000000017fe0000,0x00000000180e0000)]
  0x0000000016800800 JavaThread "Service Thread" daemon [_thread_blocked, id=5292, stack(0x0000000018640000,0x0000000018740000)]
  0x00000000167bd800 JavaThread "C1 CompilerThread3" daemon [_thread_blocked, id=9132, stack(0x0000000018460000,0x0000000018560000)]
  0x0000000016794000 JavaThread "C2 CompilerThread2" daemon [_thread_in_native, id=8356, stack(0x0000000018220000,0x0000000018320000)]
=>0x000000001678d000 JavaThread "C2 CompilerThread1" daemon [_thread_in_native, id=7884, stack(0x00000000180e0000,0x00000000181e0000)]
  0x0000000016770000 JavaThread "C2 CompilerThread0" daemon [_thread_in_native, id=7860, stack(0x0000000017eb0000,0x0000000017fb0000)]
  0x000000001676f000 JavaThread "Attach Listener" daemon [_thread_blocked, id=844, stack(0x0000000017c90000,0x0000000017d90000)]
  0x0000000016758000 JavaThread "Signal Dispatcher" daemon [_thread_blocked, id=1888, stack(0x0000000017a70000,0x0000000017b70000)]
  0x000000001559b800 JavaThread "Finalizer" daemon [_thread_blocked, id=6604, stack(0x0000000017670000,0x0000000017770000)]
  0x0000000016713800 JavaThread "Reference Handler" daemon [_thread_blocked, id=8136, stack(0x00000000178c0000,0x00000000179c0000)]
  0x0000000002468000 JavaThread "main" [_thread_in_Java, id=9228, stack(0x0000000002530000,0x0000000002630000)]

Other Threads:
  0x0000000016712800 VMThread [stack: 0x0000000017790000,0x0000000017890000] [id=7876]
  0x0000000016804800 WatcherThread [stack: 0x0000000018800000,0x0000000018900000] [id=7680]

VM state:not at safepoint (normal execution)

VM Mutex/Monitor currently owned by a thread: None

Heap:
 PSYoungGen      total 71680K, used 24384K [0x00000000eab00000, 0x00000000ef600000, 0x0000000100000000)
  eden space 66560K, 28% used [0x00000000eab00000,0x00000000ebdd38d0,0x00000000eec00000)
  from space 5120K, 99% used [0x00000000eec00000,0x00000000ef0fc860,0x00000000ef100000)
  to   space 5120K, 0% used [0x00000000ef100000,0x00000000ef100000,0x00000000ef600000)
 ParOldGen       total 87552K, used 15317K [0x00000000c0000000, 0x00000000c5580000, 0x00000000eab00000)
  object space 87552K, 17% used [0x00000000c0000000,0x00000000c0ef5528,0x00000000c5580000)
 Metaspace       used 6362K, capacity 7128K, committed 7424K, reserved 1056768K
  class space    used 628K, capacity 656K, committed 768K, reserved 1048576K

Card table byte_map: [0x0000000011ab0000,0x0000000011cc0000] byte_map_base: 0x00000000114b0000

Marking Bits: (ParMarkBitMap*) 0x0000000070a22f70
 Begin Bits: [0x00000000129b0000, 0x00000000139b0000)
 End Bits:   [0x00000000139b0000, 0x00000000149b0000)

Polling page: 0x0000000000150000

CodeCache: size=245760Kb used=8804Kb max_used=8807Kb free=236955Kb
 bounds [0x00000000026f0000, 0x0000000002fa0000, 0x00000000116f0000]
 total_blobs=2074 nmethods=1803 adapters=184
 compilation: enabled

Compilation events (10 events):
Event: 6.454 Thread 0x000000001678d000 nmethod 1833 0x0000000002f8ee90 code [0x0000000002f8f0e0, 0x0000000002f90d88]
Event: 6.454 Thread 0x000000001678d000 1832       4       com.android.dx.cf.code.ByteBlockList::labelToBlock (46 bytes)
Event: 6.456 Thread 0x000000001678d000 nmethod 1832 0x0000000002f382d0 code [0x0000000002f38420, 0x0000000002f38578]
Event: 6.493 Thread 0x000000001678d000 1843       4       com.android.dx.cf.code.BasicBlocker::visitLocal (34 bytes)
Event: 6.495 Thread 0x000000001678d000 nmethod 1843 0x0000000002f3f590 code [0x0000000002f3f6e0, 0x0000000002f3f838]
Event: 6.498 Thread 0x000000001678d000 1844       4       com.android.dx.ssa.DeadCodeRemover$NoSideEffectVisitor::visitPhiInsn (22 bytes)
Event: 6.503 Thread 0x000000001678d000 nmethod 1844 0x0000000002ed4550 code [0x0000000002ed46a0, 0x0000000002ed49f8]
Event: 6.506 Thread 0x000000001678d000 1845       4       com.android.dx.cf.code.Simulator$SimVisitor::visitConstant (332 bytes)
Event: 6.541 Thread 0x00000000167bd800 1846       3       com.android.dx.rop.annotation.Annotations::add (75 bytes)
Event: 6.548 Thread 0x00000000167bd800 nmethod 1846 0x0000000002f68610 code [0x0000000002f68880, 0x0000000002f69768]

GC Heap History (6 events):
Event: 0.969 GC heap before
{Heap before GC invocations=1 (full 0):
 PSYoungGen      total 38400K, used 33280K [0x00000000eab00000, 0x00000000ed580000, 0x0000000100000000)
  eden space 33280K, 100% used [0x00000000eab00000,0x00000000ecb80000,0x00000000ecb80000)
  from space 5120K, 0% used [0x00000000ed080000,0x00000000ed080000,0x00000000ed580000)
  to   space 5120K, 0% used [0x00000000ecb80000,0x00000000ecb80000,0x00000000ed080000)
 ParOldGen       total 87552K, used 0K [0x00000000c0000000, 0x00000000c5580000, 0x00000000eab00000)
  object space 87552K, 0% used [0x00000000c0000000,0x00000000c0000000,0x00000000c5580000)
 Metaspace       used 5928K, capacity 6840K, committed 7040K, reserved 1056768K
  class space    used 605K, capacity 624K, committed 640K, reserved 1048576K
Event: 1.145 GC heap after
Heap after GC invocations=1 (full 0):
 PSYoungGen      total 38400K, used 5088K [0x00000000eab00000, 0x00000000ef600000, 0x0000000100000000)
  eden space 33280K, 0% used [0x00000000eab00000,0x00000000eab00000,0x00000000ecb80000)
  from space 5120K, 99% used [0x00000000ecb80000,0x00000000ed0780a8,0x00000000ed080000)
  to   space 5120K, 0% used [0x00000000ef100000,0x00000000ef100000,0x00000000ef600000)
 ParOldGen       total 87552K, used 1758K [0x00000000c0000000, 0x00000000c5580000, 0x00000000eab00000)
  object space 87552K, 2% used [0x00000000c0000000,0x00000000c01b7bf0,0x00000000c5580000)
 Metaspace       used 5928K, capacity 6840K, committed 7040K, reserved 1056768K
  class space    used 605K, capacity 624K, committed 640K, reserved 1048576K
}
Event: 1.891 GC heap before
{Heap before GC invocations=2 (full 0):
 PSYoungGen      total 38400K, used 38368K [0x00000000eab00000, 0x00000000ef600000, 0x0000000100000000)
  eden space 33280K, 100% used [0x00000000eab00000,0x00000000ecb80000,0x00000000ecb80000)
  from space 5120K, 99% used [0x00000000ecb80000,0x00000000ed0780a8,0x00000000ed080000)
  to   space 5120K, 0% used [0x00000000ef100000,0x00000000ef100000,0x00000000ef600000)
 ParOldGen       total 87552K, used 1758K [0x00000000c0000000, 0x00000000c5580000, 0x00000000eab00000)
  object space 87552K, 2% used [0x00000000c0000000,0x00000000c01b7bf0,0x00000000c5580000)
 Metaspace       used 6131K, capacity 7032K, committed 7296K, reserved 1056768K
  class space    used 607K, capacity 624K, committed 640K, reserved 1048576K
Event: 2.027 GC heap after
Heap after GC invocations=2 (full 0):
 PSYoungGen      total 71680K, used 5105K [0x00000000eab00000, 0x00000000ef600000, 0x0000000100000000)
  eden space 66560K, 0% used [0x00000000eab00000,0x00000000eab00000,0x00000000eec00000)
  from space 5120K, 99% used [0x00000000ef100000,0x00000000ef5fc7a0,0x00000000ef600000)
  to   space 5120K, 0% used [0x00000000eec00000,0x00000000eec00000,0x00000000ef100000)
 ParOldGen       total 87552K, used 5745K [0x00000000c0000000, 0x00000000c5580000, 0x00000000eab00000)
  object space 87552K, 6% used [0x00000000c0000000,0x00000000c059c4c8,0x00000000c5580000)
 Metaspace       used 6131K, capacity 7032K, committed 7296K, reserved 1056768K
  class space    used 607K, capacity 624K, committed 640K, reserved 1048576K
}
Event: 4.138 GC heap before
{Heap before GC invocations=3 (full 0):
 PSYoungGen      total 71680K, used 71665K [0x00000000eab00000, 0x00000000ef600000, 0x0000000100000000)
  eden space 66560K, 100% used [0x00000000eab00000,0x00000000eec00000,0x00000000eec00000)
  from space 5120K, 99% used [0x00000000ef100000,0x00000000ef5fc7a0,0x00000000ef600000)
  to   space 5120K, 0% used [0x00000000eec00000,0x00000000eec00000,0x00000000ef100000)
 ParOldGen       total 87552K, used 5745K [0x00000000c0000000, 0x00000000c5580000, 0x00000000eab00000)
  object space 87552K, 6% used [0x00000000c0000000,0x00000000c059c4c8,0x00000000c5580000)
 Metaspace       used 6354K, capacity 7128K, committed 7424K, reserved 1056768K
  class space    used 628K, capacity 656K, committed 768K, reserved 1048576K
Event: 4.774 GC heap after
Heap after GC invocations=3 (full 0):
 PSYoungGen      total 71680K, used 5106K [0x00000000eab00000, 0x00000000ef600000, 0x0000000100000000)
  eden space 66560K, 0% used [0x00000000eab00000,0x00000000eab00000,0x00000000eec00000)
  from space 5120K, 99% used [0x00000000eec00000,0x00000000ef0fc860,0x00000000ef100000)
  to   space 5120K, 0% used [0x00000000ef100000,0x00000000ef100000,0x00000000ef600000)
 ParOldGen       total 87552K, used 15317K [0x00000000c0000000, 0x00000000c5580000, 0x00000000eab00000)
  object space 87552K, 17% used [0x00000000c0000000,0x00000000c0ef5528,0x00000000c5580000)
 Metaspace       used 6354K, capacity 7128K, committed 7424K, reserved 1056768K
  class space    used 628K, capacity 656K, committed 768K, reserved 1048576K
}

Deoptimization events (10 events):
Event: 3.524 Thread 0x0000000016aac800 Uncommon trap: reason=bimorphic action=maybe_recompile pc=0x0000000002c02244 method=com.android.dx.ssa.LiteralOpUpgrader.tryReplacingWithConstant(Lcom/android/dx/ssa/NormalSsaInsn;)Z @ 52
Event: 3.528 Thread 0x0000000016aac800 Uncommon trap: reason=unstable_if action=reinterpret pc=0x0000000002c68208 method=com.android.dx.dex.code.RopToDop.dopFor(Lcom/android/dx/rop/code/Insn;)Lcom/android/dx/dex/code/Dop; @ 747
Event: 3.528 Thread 0x0000000016aac800 Uncommon trap: reason=bimorphic action=maybe_recompile pc=0x0000000002d67d58 method=com.android.dx.rop.code.Rops.opMoveResultPseudo(Lcom/android/dx/rop/type/TypeBearer;)Lcom/android/dx/rop/code/Rop; @ 7
Event: 3.529 Thread 0x0000000016aac800 Uncommon trap: reason=bimorphic action=maybe_recompile pc=0x0000000002c02244 method=com.android.dx.ssa.LiteralOpUpgrader.tryReplacingWithConstant(Lcom/android/dx/ssa/NormalSsaInsn;)Z @ 52
Event: 3.540 Thread 0x0000000016a7f000 Uncommon trap: reason=unstable_if action=reinterpret pc=0x0000000002d68118 method=java.util.HashMap.putVal(ILjava/lang/Object;Ljava/lang/Object;ZZ)Ljava/lang/Object; @ 109
Event: 3.555 Thread 0x0000000016a7f000 Uncommon trap: reason=unstable_if action=reinterpret pc=0x0000000002db8a5c method=java.util.HashMap.putVal(ILjava/lang/Object;Ljava/lang/Object;ZZ)Ljava/lang/Object; @ 109
Event: 3.938 Thread 0x0000000016aac800 Uncommon trap: reason=unstable_if action=reinterpret pc=0x0000000002caf710 method=java.util.HashMap.resize()[Ljava/util/HashMap$Node; @ 206
Event: 4.881 Thread 0x0000000016aac800 Uncommon trap: reason=bimorphic action=maybe_recompile pc=0x0000000002c02244 method=com.android.dx.ssa.LiteralOpUpgrader.tryReplacingWithConstant(Lcom/android/dx/ssa/NormalSsaInsn;)Z @ 52
Event: 4.881 Thread 0x0000000016aac800 Uncommon trap: reason=bimorphic action=maybe_recompile pc=0x0000000002c02244 method=com.android.dx.ssa.LiteralOpUpgrader.tryReplacingWithConstant(Lcom/android/dx/ssa/NormalSsaInsn;)Z @ 52
Event: 4.881 Thread 0x0000000016aac800 Uncommon trap: reason=unstable_if action=reinterpret pc=0x0000000002e683b4 method=com.android.dx.rop.code.LocalVariableInfo.mergeStarts(ILcom/android/dx/rop/code/RegisterSpecSet;)Z @ 31

Internal exceptions (6 events):
Event: 0.058 Thread 0x0000000002468000 Exception <a 'java/lang/NoSuchMethodError': Method sun.misc.Unsafe.defineClass(Ljava/lang/String;[BII)Ljava/lang/Class; name or signature does not match> (0x00000000eab07cc0) thrown at [C:\re\workspace\8-2-build-windows-amd64-cygwin\jdk8u91\7017\hotspot\sr¬ŠÇøFº­?
Event: 0.058 Thread 0x0000000002468000 Exception <a 'java/lang/NoSuchMethodError': Method sun.misc.Unsafe.prefetchRead(Ljava/lang/Object;J)V name or signature does not match> (0x00000000eab07fa8) thrown at [C:\re\workspace\8-2-build-windows-amd64-cygwin\jdk8u91\7017\hotspot\src\share\vm\prims\j0cäT†|
Event: 2.061 Thread 0x0000000016aac800 Exception <a 'java/lang/ArrayIndexOutOfBoundsException': 18> (0x00000000eaf12120) thrown at [C:\re\workspace\8-2-build-windows-amd64-cygwin\jdk8u91\7017\hotspot\src\share\vm\interpreter\interpreterRuntime.cpp, line 366]
Event: 2.061 Thread 0x0000000016aac800 Exception <a 'java/lang/ArrayIndexOutOfBoundsException': 145> (0x00000000eaf13ca0) thrown at [C:\re\workspace\8-2-build-windows-amd64-cygwin\jdk8u91\7017\hotspot\src\share\vm\interpreter\interpreterRuntime.cpp, line 366]
Event: 2.065 Thread 0x0000000016aac800 Exception <a 'java/lang/ArrayIndexOutOfBoundsException'> (0x00000000eaf14f88) thrown at [C:\re\workspace\8-2-build-windows-amd64-cygwin\jdk8u91\7017\hotspot\src\share\vm\runtime\sharedRuntime.cpp, line 605]
Event: 3.387 Thread 0x0000000016850800 Implicit null exception at 0x00000000029b6378 to 0x00000000029b8321

Events (10 events):
Event: 4.881 Thread 0x0000000016aac800 DEOPT UNPACKING pc=0x000000000273582a sp=0x00000000193fe948 mode 2
Event: 4.881 Thread 0x0000000016aac800 Uncommon trap: trap_request=0xffffff65 fr.pc=0x0000000002e683b4
Event: 4.881 Thread 0x0000000016aac800 DEOPT PACKING pc=0x0000000002e683b4 sp=0x00000000193fede0
Event: 4.881 Thread 0x0000000016aac800 DEOPT UNPACKING pc=0x000000000273582a sp=0x00000000193fed40 mode 2
Event: 5.007 Thread 0x0000000002468000 DEOPT PACKING pc=0x0000000002b42bd0 sp=0x000000000262e590
Event: 5.007 Thread 0x0000000002468000 DEOPT UNPACKING pc=0x000000000273787f sp=0x000000000262e3c0 mode 0
Event: 5.203 Thread 0x0000000002468000 DEOPT PACKING pc=0x0000000002b4c21c sp=0x000000000262e430
Event: 5.224 Thread 0x0000000002468000 DEOPT UNPACKING pc=0x000000000273787f sp=0x000000000262e140 mode 0
Event: 6.333 Thread 0x0000000016aaf800 DEOPT PACKING pc=0x0000000002b62747 sp=0x000000001954e7e0
Event: 6.333 Thread 0x0000000016aaf800 DEOPT UNPACKING pc=0x000000000273787f sp=0x000000001954e5c8 mode 0


Dynamic libraries:
0x000000013f7a0000 - 0x000000013f7d7000 	C:\Program Files\Java\jdk1.8.0_91\bin\java.exe
0x0000000077170000 - 0x000000007731a000 	C:\Windows\SYSTEM32\ntdll.dll
0x0000000076f50000 - 0x000000007706f000 	C:\Windows\system32\kernel32.dll
0x000007fefcf50000 - 0x000007fefcfba000 	C:\Windows\system32\KERNELBASE.dll
0x000007fefd6c0000 - 0x000007fefd79b000 	C:\Windows\system32\ADVAPI32.dll
0x000007feff3e0000 - 0x000007feff47f000 	C:\Windows\system32\msvcrt.dll
0x000007fefe490000 - 0x000007fefe4af000 	C:\Windows\SYSTEM32\sechost.dll
0x000007fefd820000 - 0x000007fefd94d000 	C:\Windows\system32\RPCRT4.dll
0x0000000077070000 - 0x000000007716a000 	C:\Windows\system32\USER32.dll
0x000007fefdbd0000 - 0x000007fefdc37000 	C:\Windows\system32\GDI32.dll
0x000007fefe4b0000 - 0x000007fefe4be000 	C:\Windows\system32\LPK.dll
0x000007fefd970000 - 0x000007fefda3a000 	C:\Windows\system32\USP10.dll
0x000007fefb570000 - 0x000007fefb764000 	C:\Windows\WinSxS\amd64_microsoft.windows.common-controls_6595b64144ccf1df_6.0.7601.18837_none_fa3b1e3d17594757\COMCTL32.dll
0x000007fefd490000 - 0x000007fefd501000 	C:\Windows\system32\SHLWAPI.dll
0x000007feff340000 - 0x000007feff36e000 	C:\Windows\system32\IMM32.DLL
0x000007fefd5b0000 - 0x000007fefd6b9000 	C:\Windows\system32\MSCTF.dll
0x00000000779b0000 - 0x0000000077a82000 	C:\Program Files\Java\jdk1.8.0_91\jre\bin\msvcr100.dll
0x0000000070210000 - 0x0000000070aa3000 	C:\Program Files\Java\jdk1.8.0_91\jre\bin\server\jvm.dll
0x000007fef80a0000 - 0x000007fef80a9000 	C:\Windows\system32\WSOCK32.dll
0x000007fefe4c0000 - 0x000007fefe50d000 	C:\Windows\system32\WS2_32.dll
0x000007feff3d0000 - 0x000007feff3d8000 	C:\Windows\system32\NSI.dll
0x000007fefac00000 - 0x000007fefac3b000 	C:\Windows\system32\WINMM.dll
0x000007fefbfc0000 - 0x000007fefbfcc000 	C:\Windows\system32\VERSION.dll
0x0000000077330000 - 0x0000000077337000 	C:\Windows\system32\PSAPI.DLL
0x000000006c010000 - 0x000000006c01f000 	C:\Program Files\Java\jdk1.8.0_91\jre\bin\verify.dll
0x0000000077980000 - 0x00000000779a9000 	C:\Program Files\Java\jdk1.8.0_91\jre\bin\java.dll
0x0000000053cc0000 - 0x0000000053cd6000 	C:\Program Files\Java\jdk1.8.0_91\jre\bin\zip.dll
0x000007fefe510000 - 0x000007feff29c000 	C:\Windows\system32\SHELL32.dll
0x000007fefdc40000 - 0x000007fefde43000 	C:\Windows\system32\ole32.dll
0x000007fefcef0000 - 0x000007fefceff000 	C:\Windows\system32\profapi.dll

VM Arguments:
jvm_args: -Djava.awt.headless=true -Xmx1024M -Dfile.encoding=x-windows-950 -Duser.country=TW -Duser.language=zh -Duser.variant 
java_command: com.android.dx.command.Main --dex --force-jumbo --num-threads=4 --multi-dex --output E:\University\SoftwareStudio\hw\SoftwareStudioFinal\app\build\intermediates\transforms\dex\debug\folders\1000\10\com.android.support-recyclerview-v7-24.0.0_c0a25e1e526a8fb3b5da3ebab8619193b43af945 E:\University\SoftwareStudio\hw\SoftwareStudioFinal\app\build\intermediates\exploded-aar\com.android.support\recyclerview-v7\24.0.0\jars\classes.jar
java_class_path (initial): D:\AnSDK\build-tools\24.0.0-preview\lib\dx.jar
Launcher Type: SUN_STANDARD

Environment Variables:
JAVA_HOME=C:\Program Files\Java\jdk1.7.0_79
CLASSPATH=C:\Program Files\Java\jdk1.7.0_79\lib;.
PATH=D:\ProgramData\Oracle\Java\javapath;E:\mingw32\bin;C:\Program Files (x86)\Intel\iCLS Client\;C:\Program Files\Intel\iCLS Client\;C:\ProgramData\Oracle\Java\javapath;C:\Windows\system32;C:\Windows;C:\Windows\System32\Wbem;C:\Windows\System32\WindowsPowerShell\v1.0\;C:\Program Files\Intel\Intel(R) Management Engine Components\DAL;C:\Program Files (x86)\Intel\Intel(R) Management Engine Components\DAL;C:\Program Files\Intel\Intel(R) Management Engine Components\IPT;C:\Program Files (x86)\Intel\Intel(R) Management Engine Components\IPT;C:\Program Files (x86)\Microsoft ASP.NET\ASP.NET Web Pages\v1.0\;C:\Program Files (x86)\Windows Kits\8.0\Windows Performance Toolkit\;C:\Program Files\Microsoft SQL Server\110\Tools\Binn\;C:\Program Files (x86)\NVIDIA Corporation\PhysX\Common;E:\runtime\win64;E:\bin;E:\QuickTime\QTSystem\;C:\Program Files\Java\jdk1.7.0_79\bin;D:\Git\Git\cmd;C:\Program Files\Microsoft\Web Platform Installer\;C:\Program Files\Microsoft Visual Studio 11.0\Common7\IDE;D:\progra~1\lcc\version\bin;C:\Program Files (x86)\GtkSharp\2.12\bin;C:\Program Files (x86)\Skype\Phone\;E:\sqlite
USERNAME=SeanKang
OS=Windows_NT
PROCESSOR_IDENTIFIER=Intel64 Family 6 Model 60 Stepping 3, GenuineIntel



---------------  S Y S T E M  ---------------

OS: Windows 7 , 64 bit Build 7601 (6.1.7601.23418)

CPU:total 8 (4 cores per cpu, 2 threads per core) family 6 model 60 stepping 3, cmov, cx8, fxsr, mmx, sse, sse2, sse3, ssse3, sse4.1, sse4.2, popcnt, avx, avx2, aes, clmul, erms, lzcnt, ht, tsc, tscinvbit, bmi1, bmi2

Memory: 4k page, physical 8339092k(16524k free), swap 11048612k(13008k free)

vm_info: Java HotSpot(TM) 64-Bit Server VM (25.91-b15) for windows-amd64 JRE (1.8.0_91-b15), built on May 20 2016 17:43:15 by "java_re" with MS VC++ 10.0 (VS2010)

time: Tue Jun 21 22:39:32 2016
elapsed time: 6 seconds (0d 0h 0m 6s)

