#
# There is insufficient memory for the Java Runtime Environment to continue.
# Native memory allocation (malloc) failed to allocate 878256 bytes for Chunk::new
# Possible reasons:
#   The system is out of physical RAM or swap space
#   In 32 bit mode, the process size limit was hit
# Possible solutions:
#   Reduce memory load on the system
#   Increase physical memory or swap space
#   Check if swap backing store is full
#   Use 64 bit Java on a 64 bit OS
#   Decrease Java heap size (-Xmx/-Xms)
#   Decrease number of Java threads
#   Decrease Java thread stack sizes (-Xss)
#   Set larger code cache with -XX:ReservedCodeCacheSize=
# This output file may be truncated or incomplete.
#
#  Out of Memory Error (allocation.cpp:390), pid=8672, tid=9260
#
# JRE version: Java(TM) SE Runtime Environment (8.0_91-b15) (build 1.8.0_91-b15)
# Java VM: Java HotSpot(TM) 64-Bit Server VM (25.91-b15 mixed mode windows-amd64 compressed oops)
# Failed to write core dump. Minidumps are not enabled by default on client versions of Windows
#

---------------  T H R E A D  ---------------

Current thread (0x00000000158fb000):  JavaThread "C2 CompilerThread1" daemon [_thread_in_native, id=9260, stack(0x0000000017ba0000,0x0000000017ca0000)]

Stack: [0x0000000017ba0000,0x0000000017ca0000]
[error occurred during error reporting (printing stack bounds), id 0xc0000005]

Native frames: (J=compiled Java code, j=interpreted, Vv=VM code, C=native code)


Current CompileTask:
C2:   1609 1637       4       com.android.dx.dex.code.RopToDop::dopFor (792 bytes)


---------------  P R O C E S S  ---------------

Java Threads: ( => current thread )
  0x0000000016986800 JavaThread "pool-1-thread-1" [_thread_in_Java, id=7612, stack(0x0000000018650000,0x0000000018750000)]
  0x0000000016841800 JavaThread "Service Thread" daemon [_thread_blocked, id=7792, stack(0x0000000018260000,0x0000000018360000)]
  0x00000000167cc800 JavaThread "C1 CompilerThread3" daemon [_thread_blocked, id=10064, stack(0x0000000017f80000,0x0000000018080000)]
  0x00000000158ff800 JavaThread "C2 CompilerThread2" daemon [_thread_in_native, id=4432, stack(0x00000000180f0000,0x00000000181f0000)]
=>0x00000000158fb000 JavaThread "C2 CompilerThread1" daemon [_thread_in_native, id=9260, stack(0x0000000017ba0000,0x0000000017ca0000)]
  0x0000000016798000 JavaThread "C2 CompilerThread0" daemon [_thread_in_native, id=7132, stack(0x0000000017e50000,0x0000000017f50000)]
  0x0000000016797000 JavaThread "Attach Listener" daemon [_thread_blocked, id=8036, stack(0x0000000017cb0000,0x0000000017db0000)]
  0x000000001677f800 JavaThread "Signal Dispatcher" daemon [_thread_blocked, id=2588, stack(0x0000000017730000,0x0000000017830000)]
  0x00000000158f2800 JavaThread "Finalizer" daemon [_thread_blocked, id=8308, stack(0x0000000017a80000,0x0000000017b80000)]
  0x0000000016733000 JavaThread "Reference Handler" daemon [_thread_blocked, id=7492, stack(0x0000000017950000,0x0000000017a50000)]
  0x0000000002438000 JavaThread "main" [_thread_blocked, id=3684, stack(0x0000000002700000,0x0000000002800000)]

Other Threads:
  0x0000000016732000 VMThread [stack: 0x0000000017830000,0x0000000017930000] [id=5720]
  0x0000000016825000 WatcherThread [stack: 0x00000000184f0000,0x00000000185f0000] [id=9308]

VM state:not at safepoint (normal execution)

VM Mutex/Monitor currently owned by a thread: None

Heap:
 PSYoungGen      total 138240K, used 32438K [0x00000000eab00000, 0x00000000f3700000, 0x0000000100000000)
  eden space 133120K, 20% used [0x00000000eab00000,0x00000000ec5af490,0x00000000f2d00000)
  from space 5120K, 99% used [0x00000000f2d00000,0x00000000f31fe508,0x00000000f3200000)
  to   space 5120K, 0% used [0x00000000f3200000,0x00000000f3200000,0x00000000f3700000)
 ParOldGen       total 122880K, used 58974K [0x00000000c0000000, 0x00000000c7800000, 0x00000000eab00000)
  object space 122880K, 47% used [0x00000000c0000000,0x00000000c3997a48,0x00000000c7800000)
 Metaspace       used 6463K, capacity 7440K, committed 7680K, reserved 1056768K
  class space    used 615K, capacity 648K, committed 768K, reserved 1048576K

Card table byte_map: [0x0000000011bc0000,0x0000000011dd0000] byte_map_base: 0x00000000115c0000

Marking Bits: (ParMarkBitMap*) 0x0000000070a22f70
 Begin Bits: [0x0000000012d00000, 0x0000000013d00000)
 End Bits:   [0x0000000013d00000, 0x0000000014d00000)

Polling page: 0x0000000001c70000

CodeCache: size=245760Kb used=8486Kb max_used=8486Kb free=237273Kb
 bounds [0x0000000002800000, 0x0000000003060000, 0x0000000011800000]
 total_blobs=2320 nmethods=2054 adapters=178
 compilation: enabled

Compilation events (10 events):
Event: 1.600 Thread 0x00000000167cc800 nmethod 2083 0x00000000030208d0 code [0x0000000003020a60, 0x0000000003021098]
Event: 1.600 Thread 0x00000000167cc800 2084       3       com.android.dx.dex.file.CodeItem::writeTo0 (489 bytes)
Event: 1.603 Thread 0x0000000016798000 nmethod 1955% 0x000000000303eb50 code [0x000000000303ee20, 0x0000000003040788]
Event: 1.603 Thread 0x0000000016798000 2078 %     4       com.android.dx.dex.code.DalvInsnList::getOutsSize @ 9 (105 bytes)
Event: 1.604 Thread 0x00000000167cc800 nmethod 2084 0x0000000003042790 code [0x0000000003043120, 0x0000000003049788]
Event: 1.604 Thread 0x00000000167cc800 2090       3       com.android.dx.util.ByteArray::getBytes (39 bytes)
Event: 1.605 Thread 0x00000000167cc800 nmethod 2090 0x000000000303e550 code [0x000000000303e6e0, 0x000000000303ea18]
Event: 1.605 Thread 0x00000000167cc800 2087       1       com.android.dx.rop.cst.CstString::getBytes (5 bytes)
Event: 1.605 Thread 0x00000000167cc800 nmethod 2087 0x000000000301e510 code [0x000000000301e660, 0x000000000301e770]
Event: 1.605 Thread 0x00000000167cc800 2088       3       com.android.dx.dex.file.StringDataItem::writeTo0 (103 bytes)

GC Heap History (10 events):
Event: 0.523 GC heap before
{Heap before GC invocations=2 (full 0):
 PSYoungGen      total 38400K, used 38372K [0x00000000eab00000, 0x00000000ef600000, 0x0000000100000000)
  eden space 33280K, 100% used [0x00000000eab00000,0x00000000ecb80000,0x00000000ecb80000)
  from space 5120K, 99% used [0x00000000ecb80000,0x00000000ed0792b0,0x00000000ed080000)
  to   space 5120K, 0% used [0x00000000ef100000,0x00000000ef100000,0x00000000ef600000)
 ParOldGen       total 87552K, used 4859K [0x00000000c0000000, 0x00000000c5580000, 0x00000000eab00000)
  object space 87552K, 5% used [0x00000000c0000000,0x00000000c04bedd0,0x00000000c5580000)
 Metaspace       used 5769K, capacity 6832K, committed 7040K, reserved 1056768K
  class space    used 582K, capacity 616K, committed 640K, reserved 1048576K
Event: 0.536 GC heap after
Heap after GC invocations=2 (full 0):
 PSYoungGen      total 71680K, used 5097K [0x00000000eab00000, 0x00000000ef600000, 0x0000000100000000)
  eden space 66560K, 0% used [0x00000000eab00000,0x00000000eab00000,0x00000000eec00000)
  from space 5120K, 99% used [0x00000000ef100000,0x00000000ef5fa458,0x00000000ef600000)
  to   space 5120K, 0% used [0x00000000eec00000,0x00000000eec00000,0x00000000ef100000)
 ParOldGen       total 87552K, used 22605K [0x00000000c0000000, 0x00000000c5580000, 0x00000000eab00000)
  object space 87552K, 25% used [0x00000000c0000000,0x00000000c1613688,0x00000000c5580000)
 Metaspace       used 5769K, capacity 6832K, committed 7040K, reserved 1056768K
  class space    used 582K, capacity 616K, committed 640K, reserved 1048576K
}
Event: 0.710 GC heap before
{Heap before GC invocations=3 (full 0):
 PSYoungGen      total 71680K, used 71657K [0x00000000eab00000, 0x00000000ef600000, 0x0000000100000000)
  eden space 66560K, 100% used [0x00000000eab00000,0x00000000eec00000,0x00000000eec00000)
  from space 5120K, 99% used [0x00000000ef100000,0x00000000ef5fa458,0x00000000ef600000)
  to   space 5120K, 0% used [0x00000000eec00000,0x00000000eec00000,0x00000000ef100000)
 ParOldGen       total 87552K, used 22605K [0x00000000c0000000, 0x00000000c5580000, 0x00000000eab00000)
  object space 87552K, 25% used [0x00000000c0000000,0x00000000c1613688,0x00000000c5580000)
 Metaspace       used 5907K, capacity 6960K, committed 7040K, reserved 1056768K
  class space    used 585K, capacity 616K, committed 640K, reserved 1048576K
Event: 0.738 GC heap after
Heap after GC invocations=3 (full 0):
 PSYoungGen      total 71680K, used 5113K [0x00000000eab00000, 0x00000000f3700000, 0x0000000100000000)
  eden space 66560K, 0% used [0x00000000eab00000,0x00000000eab00000,0x00000000eec00000)
  from space 5120K, 99% used [0x00000000eec00000,0x00000000ef0fe608,0x00000000ef100000)
  to   space 5120K, 0% used [0x00000000f3200000,0x00000000f3200000,0x00000000f3700000)
 ParOldGen       total 87552K, used 44145K [0x00000000c0000000, 0x00000000c5580000, 0x00000000eab00000)
  object space 87552K, 50% used [0x00000000c0000000,0x00000000c2b1c5f8,0x00000000c5580000)
 Metaspace       used 5907K, capacity 6960K, committed 7040K, reserved 1056768K
  class space    used 585K, capacity 616K, committed 640K, reserved 1048576K
}
Event: 0.896 GC heap before
{Heap before GC invocations=4 (full 0):
 PSYoungGen      total 71680K, used 71673K [0x00000000eab00000, 0x00000000f3700000, 0x0000000100000000)
  eden space 66560K, 100% used [0x00000000eab00000,0x00000000eec00000,0x00000000eec00000)
  from space 5120K, 99% used [0x00000000eec00000,0x00000000ef0fe608,0x00000000ef100000)
  to   space 5120K, 0% used [0x00000000f3200000,0x00000000f3200000,0x00000000f3700000)
 ParOldGen       total 87552K, used 44145K [0x00000000c0000000, 0x00000000c5580000, 0x00000000eab00000)
  object space 87552K, 50% used [0x00000000c0000000,0x00000000c2b1c5f8,0x00000000c5580000)
 Metaspace       used 5954K, capacity 7024K, committed 7296K, reserved 1056768K
  class space    used 589K, capacity 616K, committed 640K, reserved 1048576K
Event: 0.929 GC heap after
Heap after GC invocations=4 (full 0):
 PSYoungGen      total 138240K, used 5090K [0x00000000eab00000, 0x00000000f3700000, 0x0000000100000000)
  eden space 133120K, 0% used [0x00000000eab00000,0x00000000eab00000,0x00000000f2d00000)
  from space 5120K, 99% used [0x00000000f3200000,0x00000000f36f88b0,0x00000000f3700000)
  to   space 5120K, 0% used [0x00000000f2d00000,0x00000000f2d00000,0x00000000f3200000)
 ParOldGen       total 87552K, used 74336K [0x00000000c0000000, 0x00000000c5580000, 0x00000000eab00000)
  object space 87552K, 84% used [0x00000000c0000000,0x00000000c4898260,0x00000000c5580000)
 Metaspace       used 5954K, capacity 7024K, committed 7296K, reserved 1056768K
  class space    used 589K, capacity 616K, committed 640K, reserved 1048576K
}
Event: 0.929 GC heap before
{Heap before GC invocations=5 (full 1):
 PSYoungGen      total 138240K, used 5090K [0x00000000eab00000, 0x00000000f3700000, 0x0000000100000000)
  eden space 133120K, 0% used [0x00000000eab00000,0x00000000eab00000,0x00000000f2d00000)
  from space 5120K, 99% used [0x00000000f3200000,0x00000000f36f88b0,0x00000000f3700000)
  to   space 5120K, 0% used [0x00000000f2d00000,0x00000000f2d00000,0x00000000f3200000)
 ParOldGen       total 87552K, used 74336K [0x00000000c0000000, 0x00000000c5580000, 0x00000000eab00000)
  object space 87552K, 84% used [0x00000000c0000000,0x00000000c4898260,0x00000000c5580000)
 Metaspace       used 5954K, capacity 7024K, committed 7296K, reserved 1056768K
  class space    used 589K, capacity 616K, committed 640K, reserved 1048576K
Event: 1.026 GC heap after
Heap after GC invocations=5 (full 1):
 PSYoungGen      total 138240K, used 0K [0x00000000eab00000, 0x00000000f3700000, 0x0000000100000000)
  eden space 133120K, 0% used [0x00000000eab00000,0x00000000eab00000,0x00000000f2d00000)
  from space 5120K, 0% used [0x00000000f3200000,0x00000000f3200000,0x00000000f3700000)
  to   space 5120K, 0% used [0x00000000f2d00000,0x00000000f2d00000,0x00000000f3200000)
 ParOldGen       total 122880K, used 37643K [0x00000000c0000000, 0x00000000c7800000, 0x00000000eab00000)
  object space 122880K, 30% used [0x00000000c0000000,0x00000000c24c2d20,0x00000000c7800000)
 Metaspace       used 5954K, capacity 7024K, committed 7296K, reserved 1056768K
  class space    used 589K, capacity 616K, committed 640K, reserved 1048576K
}
Event: 1.294 GC heap before
{Heap before GC invocations=6 (full 1):
 PSYoungGen      total 138240K, used 133120K [0x00000000eab00000, 0x00000000f3700000, 0x0000000100000000)
  eden space 133120K, 100% used [0x00000000eab00000,0x00000000f2d00000,0x00000000f2d00000)
  from space 5120K, 0% used [0x00000000f3200000,0x00000000f3200000,0x00000000f3700000)
  to   space 5120K, 0% used [0x00000000f2d00000,0x00000000f2d00000,0x00000000f3200000)
 ParOldGen       total 122880K, used 37643K [0x00000000c0000000, 0x00000000c7800000, 0x00000000eab00000)
  object space 122880K, 30% used [0x00000000c0000000,0x00000000c24c2d20,0x00000000c7800000)
 Metaspace       used 5995K, capacity 7024K, committed 7296K, reserved 1056768K
  class space    used 589K, capacity 616K, committed 640K, reserved 1048576K
Event: 1.311 GC heap after
Heap after GC invocations=6 (full 1):
 PSYoungGen      total 138240K, used 5113K [0x00000000eab00000, 0x00000000f3700000, 0x0000000100000000)
  eden space 133120K, 0% used [0x00000000eab00000,0x00000000eab00000,0x00000000f2d00000)
  from space 5120K, 99% used [0x00000000f2d00000,0x00000000f31fe508,0x00000000f3200000)
  to   space 5120K, 0% used [0x00000000f3200000,0x00000000f3200000,0x00000000f3700000)
 ParOldGen       total 122880K, used 58974K [0x00000000c0000000, 0x00000000c7800000, 0x00000000eab00000)
  object space 122880K, 47% used [0x00000000c0000000,0x00000000c3997a48,0x00000000c7800000)
 Metaspace       used 5995K, capacity 7024K, committed 7296K, reserved 1056768K
  class space    used 589K, capacity 616K, committed 640K, reserved 1048576K
}

Deoptimization events (10 events):
Event: 1.349 Thread 0x0000000016986800 Uncommon trap: reason=bimorphic action=maybe_recompile pc=0x0000000002a955a0 method=java.util.HashMap.getNode(ILjava/lang/Object;)Ljava/util/HashMap$Node; @ 126
Event: 1.508 Thread 0x0000000016986800 Uncommon trap: reason=unstable_if action=reinterpret pc=0x0000000002fa6544 method=com.android.dx.dex.code.LocalList$MakeState.aboutToProcess(II)V @ 4
Event: 1.515 Thread 0x0000000016986800 Uncommon trap: reason=speculate_class_check action=maybe_recompile pc=0x0000000002bee4b8 method=com.android.dx.util.FixedSizeList.equals(Ljava/lang/Object;)Z @ 25
Event: 1.515 Thread 0x0000000016986800 Uncommon trap: reason=class_check action=maybe_recompile pc=0x0000000002b5aa90 method=java.util.Arrays.equals([Ljava/lang/Object;[Ljava/lang/Object;)Z @ 62
Event: 1.515 Thread 0x0000000016986800 Uncommon trap: reason=speculate_class_check action=maybe_recompile pc=0x0000000002bee4b8 method=com.android.dx.util.FixedSizeList.equals(Ljava/lang/Object;)Z @ 25
Event: 1.515 Thread 0x0000000016986800 Uncommon trap: reason=class_check action=maybe_recompile pc=0x0000000002b5aa90 method=java.util.Arrays.equals([Ljava/lang/Object;[Ljava/lang/Object;)Z @ 62
Event: 1.515 Thread 0x0000000016986800 Uncommon trap: reason=speculate_class_check action=maybe_recompile pc=0x0000000002bee4b8 method=com.android.dx.util.FixedSizeList.equals(Ljava/lang/Object;)Z @ 25
Event: 1.515 Thread 0x0000000016986800 Uncommon trap: reason=class_check action=maybe_recompile pc=0x0000000002b5aa90 method=java.util.Arrays.equals([Ljava/lang/Object;[Ljava/lang/Object;)Z @ 62
Event: 1.515 Thread 0x0000000016986800 Uncommon trap: reason=speculate_class_check action=maybe_recompile pc=0x0000000002bee4b8 method=com.android.dx.util.FixedSizeList.equals(Ljava/lang/Object;)Z @ 25
Event: 1.515 Thread 0x0000000016986800 Uncommon trap: reason=class_check action=maybe_recompile pc=0x0000000002b5aa90 method=java.util.Arrays.equals([Ljava/lang/Object;[Ljava/lang/Object;)Z @ 62

Internal exceptions (5 events):
Event: 0.019 Thread 0x0000000002438000 Exception <a 'java/lang/NoSuchMethodError': Method sun.misc.Unsafe.defineClass(Ljava/lang/String;[BII)Ljava/lang/Class; name or signature does not match> (0x00000000eab07cc0) thrown at [C:\re\workspace\8-2-build-windows-amd64-cygwin\jdk8u91\7017\hotspot\sr\!`¦ðã“?
Event: 0.019 Thread 0x0000000002438000 Exception <a 'java/lang/NoSuchMethodError': Method sun.misc.Unsafe.prefetchRead(Ljava/lang/Object;J)V name or signature does not match> (0x00000000eab07fa8) thrown at [C:\re\workspace\8-2-build-windows-amd64-cygwin\jdk8u91\7017\hotspot\src\share\vm\prims\jsßoèÜð?
Event: 1.054 Thread 0x0000000002438000 Implicit null exception at 0x0000000002df7b6f to 0x0000000002df9179
Event: 1.055 Thread 0x0000000002438000 Implicit null exception at 0x0000000002d8a554 to 0x0000000002d8bcce
Event: 1.508 Thread 0x0000000016986800 Implicit null exception at 0x0000000002fa5d8f to 0x0000000002fa651d

Events (10 events):
Event: 1.555 loading class com/android/dx/dex/file/DebugInfoEncoder$2
Event: 1.555 loading class com/android/dx/dex/file/DebugInfoEncoder$2 done
Event: 1.561 loading class com/android/dex/EncodedValueCodec
Event: 1.561 loading class com/android/dex/EncodedValueCodec done
Event: 1.566 loading class com/android/dx/dex/file/MapItem
Event: 1.566 loading class com/android/dx/dex/file/MapItem done
Event: 1.567 loading class com/android/dx/dex/file/UniformListItem
Event: 1.567 loading class com/android/dx/dex/file/UniformListItem done
Event: 1.569 loading class com/android/dex/DexFormat
Event: 1.569 loading class com/android/dex/DexFormat done


Dynamic libraries:
0x000000013f7a0000 - 0x000000013f7d7000 	C:\Program Files\Java\jdk1.8.0_91\bin\java.exe
0x0000000077170000 - 0x000000007731a000 	C:\Windows\SYSTEM32\ntdll.dll
0x0000000076f50000 - 0x000000007706f000 	C:\Windows\system32\kernel32.dll
0x000007fefcf50000 - 0x000007fefcfba000 	C:\Windows\system32\KERNELBASE.dll
0x000007fefd6c0000 - 0x000007fefd79b000 	C:\Windows\system32\ADVAPI32.dll
0x000007feff3e0000 - 0x000007feff47f000 	C:\Windows\system32\msvcrt.dll
0x000007fefe490000 - 0x000007fefe4af000 	C:\Windows\SYSTEM32\sechost.dll
0x000007fefd820000 - 0x000007fefd94d000 	C:\Windows\system32\RPCRT4.dll
0x0000000077070000 - 0x000000007716a000 	C:\Windows\system32\USER32.dll
0x000007fefdbd0000 - 0x000007fefdc37000 	C:\Windows\system32\GDI32.dll
0x000007fefe4b0000 - 0x000007fefe4be000 	C:\Windows\system32\LPK.dll
0x000007fefd970000 - 0x000007fefda3a000 	C:\Windows\system32\USP10.dll
0x000007fefb570000 - 0x000007fefb764000 	C:\Windows\WinSxS\amd64_microsoft.windows.common-controls_6595b64144ccf1df_6.0.7601.18837_none_fa3b1e3d17594757\COMCTL32.dll
0x000007fefd490000 - 0x000007fefd501000 	C:\Windows\system32\SHLWAPI.dll
0x000007feff340000 - 0x000007feff36e000 	C:\Windows\system32\IMM32.DLL
0x000007fefd5b0000 - 0x000007fefd6b9000 	C:\Windows\system32\MSCTF.dll
0x00000000779b0000 - 0x0000000077a82000 	C:\Program Files\Java\jdk1.8.0_91\jre\bin\msvcr100.dll
0x0000000070210000 - 0x0000000070aa3000 	C:\Program Files\Java\jdk1.8.0_91\jre\bin\server\jvm.dll
0x000007fef80a0000 - 0x000007fef80a9000 	C:\Windows\system32\WSOCK32.dll
0x000007fefe4c0000 - 0x000007fefe50d000 	C:\Windows\system32\WS2_32.dll
0x000007feff3d0000 - 0x000007feff3d8000 	C:\Windows\system32\NSI.dll
0x000007fefac00000 - 0x000007fefac3b000 	C:\Windows\system32\WINMM.dll
0x000007fefbfc0000 - 0x000007fefbfcc000 	C:\Windows\system32\VERSION.dll
0x0000000077330000 - 0x0000000077337000 	C:\Windows\system32\PSAPI.DLL
0x000000006c010000 - 0x000000006c01f000 	C:\Program Files\Java\jdk1.8.0_91\jre\bin\verify.dll
0x0000000077980000 - 0x00000000779a9000 	C:\Program Files\Java\jdk1.8.0_91\jre\bin\java.dll
0x0000000053cc0000 - 0x0000000053cd6000 	C:\Program Files\Java\jdk1.8.0_91\jre\bin\zip.dll
0x000007fefe510000 - 0x000007feff29c000 	C:\Windows\system32\SHELL32.dll
0x000007fefdc40000 - 0x000007fefde43000 	C:\Windows\system32\ole32.dll
0x000007fefcef0000 - 0x000007fefceff000 	C:\Windows\system32\profapi.dll

VM Arguments:
jvm_args: -Djava.awt.headless=true -Xmx1024M -Dfile.encoding=x-windows-950 -Duser.country=TW -Duser.language=zh -Duser.variant 
java_command: com.android.dx.command.Main --dex --force-jumbo --num-threads=4 --multi-dex --output E:\University\SoftwareStudio\hw\SoftwareStudioFinal\app\build\intermediates\transforms\dex\debug\folders\1000\5\slice_8 E:\University\SoftwareStudio\hw\SoftwareStudioFinal\app\build\intermediates\transforms\instantRunSlicer\debug\folders\1\5\slice_8
java_class_path (initial): D:\AnSDK\build-tools\24.0.0-preview\lib\dx.jar
Launcher Type: SUN_STANDARD

Environment Variables:
JAVA_HOME=C:\Program Files\Java\jdk1.7.0_79
CLASSPATH=C:\Program Files\Java\jdk1.7.0_79\lib;.
PATH=D:\ProgramData\Oracle\Java\javapath;E:\mingw32\bin;C:\Program Files (x86)\Intel\iCLS Client\;C:\Program Files\Intel\iCLS Client\;C:\ProgramData\Oracle\Java\javapath;C:\Windows\system32;C:\Windows;C:\Windows\System32\Wbem;C:\Windows\System32\WindowsPowerShell\v1.0\;C:\Program Files\Intel\Intel(R) Management Engine Components\DAL;C:\Program Files (x86)\Intel\Intel(R) Management Engine Components\DAL;C:\Program Files\Intel\Intel(R) Management Engine Components\IPT;C:\Program Files (x86)\Intel\Intel(R) Management Engine Components\IPT;C:\Program Files (x86)\Microsoft ASP.NET\ASP.NET Web Pages\v1.0\;C:\Program Files (x86)\Windows Kits\8.0\Windows Performance Toolkit\;C:\Program Files\Microsoft SQL Server\110\Tools\Binn\;C:\Program Files (x86)\NVIDIA Corporation\PhysX\Common;E:\runtime\win64;E:\bin;E:\QuickTime\QTSystem\;C:\Program Files\Java\jdk1.7.0_79\bin;D:\Git\Git\cmd;C:\Program Files\Microsoft\Web Platform Installer\;C:\Program Files\Microsoft Visual Studio 11.0\Common7\IDE;D:\progra~1\lcc\version\bin;C:\Program Files (x86)\GtkSharp\2.12\bin;C:\Program Files (x86)\Skype\Phone\;E:\sqlite
USERNAME=SeanKang
OS=Windows_NT
PROCESSOR_IDENTIFIER=Intel64 Family 6 Model 60 Stepping 3, GenuineIntel



---------------  S Y S T E M  ---------------

OS: Windows 7 , 64 bit Build 7601 (6.1.7601.23418)

CPU:total 8 (4 cores per cpu, 2 threads per core) family 6 model 60 stepping 3, cmov, cx8, fxsr, mmx, sse, sse2, sse3, ssse3, sse4.1, sse4.2, popcnt, avx, avx2, aes, clmul, erms, lzcnt, ht, tsc, tscinvbit, bmi1, bmi2

Memory: 4k page, physical 8339092k(380860k free), swap 11048612k(5776k free)

vm_info: Java HotSpot(TM) 64-Bit Server VM (25.91-b15) for windows-amd64 JRE (1.8.0_91-b15), built on May 20 2016 17:43:15 by "java_re" with MS VC++ 10.0 (VS2010)

time: Wed Jun 22 00:41:23 2016
elapsed time: 1 seconds (0d 0h 0m 1s)

